
================================================================
======== Log Rotated - 18/05/2023, 00:48:21                     
================================================================

================================================================
======== FXServer Starting - 18/05/2023, 00:48:22               
================================================================
[    c-scripting-core] Creating script environments for _cfx_internal
[           resources] Scanning resources.
[           resources] Found 42 resources.
[          svadhesive] Authenticating server license key...
[          svadhesive] Server license key authentication succeeded. Welcome!
[    c-scripting-core] Creating script environments for sessionmanager
[           resources] Started resource sessionmanager
[    c-scripting-core] Creating script environments for monitor
[      script:monitor] [txAdminClient] Version 5.2.0 starting...
[           resources] Started resource monitor
[ citizen-server-impl] Could not open logo.png for reading.
[    c-scripting-core] Creating script environments for yarn
[           resources] Started resource yarn
[    c-scripting-core] Creating script environments for webpack
[           resources] Started resource webpack
[    c-scripting-core] Creating script environments for chat
[           resources] Started resource chat
[    c-scripting-core] Creating script environments for hardcap
[           resources] Started resource hardcap
[    c-scripting-core] Creating script environments for rconlog
[           resources] Started resource rconlog
[    c-scripting-core] Creating script environments for oxmysql
[           resources] Started resource oxmysql
[    c-scripting-core] Creating script environments for ox_lib
[           resources] [0mStarted resource ox_lib
[           resources] Started resource spawnmanager
[    c-scripting-core] Creating script environments for es_extended
[           resources] Started resource es_extended
[    c-scripting-core] Creating script environments for ox_target
[           resources] Started resource ox_target
[    c-scripting-core] [97mCreating script environments for ox_inventory
[           resources] Started resource ox_inventory
[    c-scripting-core] Creating script environments for illenium-appearance
[           resources] Started resource illenium-appearance
[    c-scripting-core] Creating script environments for esx_identity
[           resources] [97mStarted resource esx_identity
[    c-scripting-core] Creating script environments for pma-voice
[           resources] Started resource pma-voice
[    c-scripting-core] Creating script environments for esx_context
[           resources] Started resource esx_context
[           resources] Started resource esx_menu_default
[           resources] Started resource esx_menu_dialog
[           resources] Started resource esx_menu_list
[    c-scripting-core] Creating script environments for esx_notify
[           resources] Started resource esx_notify
[    c-scripting-core] [97mCreating script environments for esx_progressbar
[           resources] Started resource esx_progressbar
[    c-scripting-core] Creating script environments for esx_textui
[           resources] Started resource esx_textui
[    c-scripting-core] Creating script environments for skl_core
[  resources:skl_core] Warning: could not find client_script `client/scripts/**/*.lua` (defined in fxmanifest.lua:18)
[           resources] Started resource skl_core (1 warning)
[    c-scripting-core] [0mCreating script environments for skl_jobs
[           resources] Started resource skl_jobs
[           resources] Started resource loadscreen_crystal
[    c-scripting-core] Creating script environments for ds-mdt
[           resources] Started resource ds-mdt
[    c-scripting-core] Creating script environments for interact-sound
[           resources] Started resource interact-sound
[    c-scripting-core] Creating script environments for baseevents
[           resources] Started resource baseevents
[    c-scripting-core] [0mCreating script environments for rp-radio
[           resources] Started resource rp-radio
[    c-scripting-core] Creating script environments for ox_doorlock
[           resources] Started resource ox_doorlock
[    c-scripting-core] [0mCreating script environments for ox_fuel
[           resources] Started resource ox_fuel
[resources:LosSantosC] Asset LosSantosCustoms/ajaxon_burton_lsc.ytd uses 45.0 MiB of physical memory.
[resources:LosSantosC] Asset LosSantosCustoms/bt1_02_build.ytd uses 25.1 MiB of physical memory.
[           resources] Started resource LosSantosCustoms (2 warnings)
[resources:cfx-gabz-d] Asset cfx-gabz-davispd/gabz_davispd_txd.ytd uses 18.0 MiB of physical memory.
[resources:cfx-gabz-d] Asset cfx-gabz-davispd/gabz_pdprops01_txd.ytd uses 27.5 MiB of physical memory.
[           resources] Started resource cfx-gabz-davispd (2 warnings)
[resources:gabz_mrpd:] Asset gabz_mrpd/gabz_mrpd_txd.ytd uses 39.0 MiB of physical memory.
[           resources] Started resource gabz_mrpd (1 warning)
[           resources] Started resource int_hotdogs
[           resources] Started resource vitrine
[           resources] Started resource vitrine2
[      script:oxmysql] Database server connection established![97m
[      script:monitor] [txAdminClient] Threads and commands set up. All Ready.
[ script:ox_inventory] SCRIPT ERROR: @ox_inventory/modules/mysql/server.lua:81: ox_inventory was unable to execute a query!
[ script:ox_inventory] Table 'final.owned_vehicles' doesn't exist
[ script:ox_inventory] SHOW COLUMNS FROM `owned_vehicles` []
[ script:ox_inventory] > fn (@ox_inventory/modules/mysql/server.lua:81)
[ script:ox_inventory] > <unknown> (@oxmysql/dist/build.js:21832)
[ script:ox_inventory] > processTicksAndRejections (node:internal/process/task_queues:96)
[ citizen-server-impl]         fff                          
[ citizen-server-impl]   cccc ff   xx  xx     rr rr    eee  
[ citizen-server-impl] cc     ffff   xx       rrr  r ee   e 
[ citizen-server-impl] cc     ff     xx   ... rr     eeeee  
[ citizen-server-impl]  ccccc ff   xx  xx ... rr      eeeee 
[ citizen-server-impl]                                      
[ citizen-server-impl] Authenticated with cfx.re Nucleus: https://diego-haubois-ajevek.users.cfx.re/
[  script:es_extended] [INFO] ESX Legacy 1.9.4 initialized!
[ script:ox_inventory] [info] Inventory has loaded 222 items
[38;5;134m[      script:hardcap] Connecting: [OFF 2- 31] - Diego Johnson
[       script:ds-mdt] Deleted Expired Warrants0
[ citizen-server-impl] Server list query returned an error: System.Threading.Tasks.TaskCanceledException: A task was canceled. <- System.TimeoutException: A task was canceled. <- System.Threading.Tasks.TaskCanceledException: The request was canceled due to the configured HttpClient.Timeout of 30 seconds elapsing.
[  script:es_extended] [INFO] Player "Kevin Miller"[97m has connected to the server. ID: 1
[  script:es_extended] [INFO] Saved player "Kevin Miller"
[ citizen-server-impl] Server list query returned an error: System.Threading.Tasks.TaskCanceledException: A task was canceled. <- System.TimeoutException: A task was canceled. <- System.Threading.Tasks.TaskCanceledException: The request was canceled due to the configured HttpClient.Timeout of 30 seconds elapsing.
[ citizen-server-main] -> Quitting: SIGHUP received

================================================================
======== FXServer Starting - 18/05/2023, 00:51:08               
================================================================
[    c-scripting-core] Creating script environments for _cfx_internal
[           resources] Scanning resources.
[           resources] Found 42 resources.
[          svadhesive] Authenticating server license key...
[          svadhesive] Server license key authentication succeeded. Welcome!
[    c-scripting-core] Creating script environments for sessionmanager
[           resources] Started resource sessionmanager
[    c-scripting-core] Creating script environments for monitor
[      script:monitor] [txAdminClient] Version 5.2.0 starting...
[           resources] Started resource monitor
[ citizen-server-impl] Could not open logo.png for reading.
[    c-scripting-core] Creating script environments for yarn
[           resources] Started resource yarn
[    c-scripting-core] Creating script environments for webpack
[           resources] Started resource webpack
[    c-scripting-core] Creating script environments for chat
[           resources] Started resource chat
[    c-scripting-core] Creating script environments for hardcap
[           resources] Started resource hardcap
[    c-scripting-core] Creating script environments for rconlog
[           resources] Started resource rconlog
[    c-scripting-core] Creating script environments for oxmysql
[           resources] Started resource oxmysql
[    c-scripting-core] Creating script environments for ox_lib
[           resources] Started resource ox_lib
[           resources] Started resource spawnmanager
[    c-scripting-core] Creating script environments for es_extended
[           resources] [0mStarted resource es_extended
[    c-scripting-core] [97mCreating script environments for ox_target
[           resources] Started resource ox_target
[    c-scripting-core] Creating script environments for ox_inventory
[           resources] Started resource ox_inventory
[    c-scripting-core] Creating script environments for illenium-appearance
[           resources] Started resource illenium-appearance
[    c-scripting-core] Creating script environments for esx_identity
[           resources] Started resource esx_identity
[    c-scripting-core] Creating script environments for pma-voice
[           resources] Started resource pma-voice
[    c-scripting-core] Creating script environments for esx_context
[           resources] Started resource esx_context
[           resources] Started resource esx_menu_default
[           resources] Started resource esx_menu_dialog
[           resources] Started resource esx_menu_list
[    c-scripting-core] Creating script environments for esx_notify
[           resources] Started resource esx_notify
[    c-scripting-core] Creating script environments for esx_progressbar
[           resources] Started resource esx_progressbar
[    c-scripting-core] Creating script environments for esx_textui
[           resources] Started resource esx_textui
[    c-scripting-core] Creating script environments for skl_core
[  resources:skl_core] Warning: could not find client_script `client/scripts/**/*.lua` (defined in fxmanifest.lua:18)
[           resources] [0mStarted resource skl_core (1 warning)
[    c-scripting-core] [0mCreating script environments for skl_jobs
[           resources] Started resource skl_jobs
[           resources] Started resource loadscreen_crystal
[    c-scripting-core] Creating script environments for ds-mdt
[           resources] Started resource ds-mdt
[    c-scripting-core] [0mCreating script environments for interact-sound
[           resources] Started resource interact-sound
[    c-scripting-core] Creating script environments for baseevents
[           resources] Started resource baseevents
[    c-scripting-core] Creating script environments for rp-radio
[           resources] Started resource rp-radio
[    c-scripting-core] Creating script environments for ox_doorlock
[           resources] Started resource ox_doorlock
[    c-scripting-core] Creating script environments for ox_fuel
[           resources] Started resource ox_fuel
[resources:LosSantosC] Asset LosSantosCustoms/ajaxon_burton_lsc.ytd uses 45.0 MiB of physical memory.
[resources:LosSantosC] Asset LosSantosCustoms/bt1_02_build.ytd uses 25.1 MiB of physical memory.
[           resources] Started resource LosSantosCustoms (2 warnings)
[resources:cfx-gabz-d] Asset cfx-gabz-davispd/gabz_davispd_txd.ytd uses 18.0 MiB of physical memory.
[resources:cfx-gabz-d] Asset cfx-gabz-davispd/gabz_pdprops01_txd.ytd uses 27.5 MiB of physical memory.
[           resources] Started resource cfx-gabz-davispd (2 warnings)
[resources:gabz-hub:s] Asset gabz-hub/gabz_pdm_txd.ytd uses 17.5 MiB of physical memory.
[           resources] Started resource gabz-hub (1 warning)
[           resources] Started resource int_hotdogs
[           resources] Started resource vitrine
[           resources] Started resource vitrine2
[      script:monitor] [txAdminClient] Threads and commands set up. All Ready.
[      script:oxmysql] Database server connection established!
[ script:ox_inventory] SCRIPT ERROR: @ox_inventory/modules/mysql/server.lua:81: ox_inventory was unable to execute a query!
[ script:ox_inventory] Table 'final.owned_vehicles' doesn't exist
[ script:ox_inventory] SHOW COLUMNS FROM `owned_vehicles` []
[ script:ox_inventory] > fn (@ox_inventory/modules/mysql/server.lua:81)
[ script:ox_inventory] > <unknown> (@oxmysql/dist/build.js:21832)
[ script:ox_inventory] > processTicksAndRejections (node:internal/process/task_queues:96)
[  script:es_extended] [INFO] ESX Legacy 1.9.4 initialized!
[ citizen-server-impl]         fff                          
[ citizen-server-impl]   cccc ff   xx  xx     rr rr    eee  
[ citizen-server-impl] cc     ffff   xx       rrr  r ee   e 
[ citizen-server-impl] cc     ff     xx   ... rr     eeeee  
[ citizen-server-impl]  ccccc ff   xx  xx ... rr      eeeee 
[ citizen-server-impl]                                      
[ citizen-server-impl] Authenticated with cfx.re Nucleus: https://diego-haubois-ajevek.users.cfx.re/
[ script:ox_inventory] [info] Inventory has loaded 222 items
[      script:hardcap] Connecting: [OFF 2- 31] - Diego Johnson
[ citizen-server-impl] Server list query returned an error: System.Net.Sockets.SocketException: Operation timed out <- System.Net.Http.HttpRequestException: Operation timed out (90.105.78.124:30120)
[  script:es_extended] [INFO] Player "Kevin Miller" has connected to the server. ID: 1
[       script:ds-mdt] Deleted Expired Warrants0
[  script:es_extended] [INFO] Saved player "Kevin Miller"
[ citizen-server-impl] Server list query returned an error: System.Threading.Tasks.TaskCanceledException: A task was canceled. <- System.TimeoutException: A task was canceled. <- System.Threading.Tasks.TaskCanceledException: The request was canceled due to the configured HttpClient.Timeout of 30 seconds elapsing.
> txaEvent "serverShuttingDown" "{＂delay＂:5000,＂author＂:＂Diego_Haubois＂,＂message＂:＂Le serveur redémarre (requested by Diego_Haubois).＂}"
[      script:monitor] Server shutdown imminent. Kicking all players.

================================================================
======== FXServer Starting - 18/05/2023, 00:54:31               
================================================================
[    c-scripting-core] Creating script environments for _cfx_internal
[           resources] Scanning resources.
[           resources] Found 37 resources.
[          svadhesive] Authenticating server license key...
[          svadhesive] Server license key authentication succeeded. Welcome!
[    c-scripting-core] Creating script environments for sessionmanager
[           resources] Started resource sessionmanager
[    c-scripting-core] Creating script environments for monitor
[      script:monitor] [txAdminClient] Version 5.2.0 starting...
[           resources] Started resource monitor
[ citizen-server-impl] Could not open logo.png for reading.
[    c-scripting-core] Creating script environments for yarn
[           resources] Started resource yarn
[    c-scripting-core] Creating script environments for webpack
[           resources] Started resource webpack
[    c-scripting-core] Creating script environments for chat
[           resources] Started resource chat
[    c-scripting-core] Creating script environments for hardcap
[           resources] Started resource hardcap
[    c-scripting-core] Creating script environments for rconlog
[           resources] Started resource rconlog
[    c-scripting-core] Creating script environments for oxmysql
[           resources] Started resource oxmysql
[    c-scripting-core] Creating script environments for ox_lib
[           resources] Started resource ox_lib
[           resources] Started resource spawnmanager
[    c-scripting-core] Creating script environments for es_extended
[           resources] Started resource es_extended
[    c-scripting-core] Creating script environments for ox_target
[           resources] [97mStarted resource ox_target
[    c-scripting-core] Creating script environments for ox_inventory
[           resources] Started resource ox_inventory
[    c-scripting-core] Creating script environments for illenium-appearance
[           resources] Started resource illenium-appearance
[    c-scripting-core] Creating script environments for esx_identity
[           resources] Started resource esx_identity
[    c-scripting-core] Creating script environments for pma-voice
[           resources] Started resource pma-voice
[    c-scripting-core] Creating script environments for esx_context
[           resources] Started resource esx_context
[           resources] Started resource esx_menu_default
[           resources] Started resource esx_menu_dialog
[           resources] Started resource esx_menu_list
[    c-scripting-core] [0mCreating script environments for esx_notify
[           resources] Started resource esx_notify
[    c-scripting-core] Creating script environments for esx_progressbar
[           resources] Started resource esx_progressbar
[    c-scripting-core] [97mCreating script environments for esx_textui
[           resources] Started resource esx_textui
[    c-scripting-core] Creating script environments for skl_core
[  resources:skl_core] Warning: could not find client_script `client/scripts/**/*.lua` (defined in fxmanifest.lua:18)
[           resources] Started resource skl_core (1 warning)
[    c-scripting-core] [0mCreating script environments for skl_jobs
[           resources] Started resource skl_jobs
[           resources] Started resource loadscreen_crystal
[    c-scripting-core] Creating script environments for ds-mdt
[           resources] Started resource ds-mdt
[    c-scripting-core] Creating script environments for interact-sound
[           resources] Started resource interact-sound
[    c-scripting-core] Creating script environments for baseevents
[           resources] Started resource baseevents
[    c-scripting-core] Creating script environments for rp-radio
[           resources] [0mStarted resource rp-radio
[    c-scripting-core] Creating script environments for ox_doorlock
[           resources] Started resource ox_doorlock
[    c-scripting-core] Creating script environments for ox_fuel
[           resources] Started resource ox_fuel
[resources:gabz-hub:s] Asset gabz-hub/gabz_pdm_txd.ytd uses 17.5 MiB of physical memory.
[           resources] Started resource gabz-hub (1 warning)
[      script:monitor] [txAdminClient] Threads and commands set up. All Ready.
[      script:oxmysql] Database server connection established!
[ script:ox_inventory] [91mSCRIPT ERROR: @ox_inventory/modules/mysql/server.lua:81: ox_inventory was unable to execute a query!
[ script:ox_inventory] Table 'final.owned_vehicles' doesn't exist
[ script:ox_inventory] SHOW COLUMNS FROM `owned_vehicles` []
[ script:ox_inventory] > fn (@ox_inventory/modules/mysql/server.lua:81)
[ script:ox_inventory] > <unknown> (@oxmysql/dist/build.js:21832)
[ script:ox_inventory] > processTicksAndRejections (node:internal/process/task_queues:96)
[ citizen-server-impl]         fff                          
[ citizen-server-impl]   cccc ff   xx  xx     rr rr    eee  
[ citizen-server-impl] cc     ffff   xx       rrr  r ee   e 
[ citizen-server-impl] cc     ff     xx   ... rr     eeeee  
[ citizen-server-impl]  ccccc ff   xx  xx ... rr      eeeee 
[ citizen-server-impl]                                      
[ citizen-server-impl] Authenticated with cfx.re Nucleus: https://diego-haubois-ajevek.users.cfx.re/
[  script:es_extended] [INFO] ESX Legacy 1.9.4 initialized!
[ script:ox_inventory] [info] Inventory has loaded 222 items
[      script:hardcap] Connecting: [OFF 2- 31] - Diego Johnson
[ citizen-server-impl] Server list query returned an error: System.Threading.Tasks.TaskCanceledException: A task was canceled. <- System.TimeoutException: A task was canceled. <- System.Threading.Tasks.TaskCanceledException: The request was canceled due to the configured HttpClient.Timeout of 30 seconds elapsing.
[  script:es_extended] [INFO] Player "Kevin Miller" has connected to the server. ID: 1
[       script:ds-mdt] Deleted Expired Warrants0
[ citizen-server-impl] Server list query returned an error: System.Threading.Tasks.TaskCanceledException: A task was canceled. <- System.TimeoutException: A task was canceled. <- System.Threading.Tasks.TaskCanceledException: The request was canceled due to the configured HttpClient.Timeout of 30 seconds elapsing.
[      script:oxmysql] [WARNING] illenium-appearance took 431.9039ms to execute a query!
[      script:oxmysql]     UPDATE users SET skin = ? WHERE identifier = ? ["{\"props\":[{\"texture\":0,\"prop_id\":7,\"drawable\":11},{\"texture\":0,\"prop_id\":0,\"drawable\":186},{\"texture\":0,\"prop_id\":1,\"drawable\":5},{\"texture\":0,\"prop_id\":2,\"drawable\":41},{\"texture\":0,\"prop_id\":6,\"drawable\":46}],\"tattoos\":[],\"headOverlays\":{\"beard\":{\"style\":11,\"color\":0,\"opacity\":1,\"secondColor\":0},\"ageing\":{\"style\":0,\"color\":0,\"opacity\":0,\"secondColor\":0},\"makeUp\":{\"style\":0,\"color\":0,\"opacity\":0,\"secondColor\":0},\"eyebrows\":{\"style\":30,\"color\":0,\"opacity\":1,\"secondColor\":0},\"sunDamage\":{\"style\":0,\"color\":0,\"opacity\":0,\"secondColor\":0},\"complexion\":{\"style\":0,\"color\":0,\"opacity\":0,\"secondColor\":0},\"blush\":{\"style\":0,\"color\":0,\"opacity\":0,\"secondColor\":0},\"bodyBlemishes\":{\"style\":0,\"color\":0,\"opacity\":0,\"secondColor\":0},\"moleAndFreckles\":{\"style\":0,\"color\":0,\"opacity\":0,\"secondColor\":0},\"chestHair\":{\"style\":0,\"color\":0,\"opacity\":0,\"secondColor\":0},\"lipstick\":{\"style\":0,\"color\":0,\"opacity\":0,\"secondColor\":0},\"blemishes\":{\"style\":0,\"color\":0,\"opacity\":0,\"secondColor\":0}},\"model\":\"mp_m_freemode_01\",\"eyeColor\":4,\"components\":[{\"texture\":0,\"component_id\":0,\"drawable\":0},{\"texture\":0,\"component_id\":1,\"drawable\":0},{\"texture\":0,\"component_id\":2,\"drawable\":3},{\"texture\":0,\"component_id\":3,\"drawable\":52},{\"texture\":19,\"component_id\":4,\"drawable\":141},{\"texture\":0,\"component_id\":5,\"drawable\":0},{\"texture\":0,\"component_id\":6,\"drawable\":114},{\"texture\":0,\"component_id\":7,\"drawable\":17},{\"texture\":0,\"component_id\":8,\"drawable\":130},{\"texture\":0,\"component_id\":9,\"drawable\":0},{\"texture\":0,\"component_id\":10,\"drawable\":0},{\"texture\":0,\"component_id\":11,\"drawable\":273}],\"faceFeatures\":{\"cheeksBoneWidth\":0,\"chinBoneLowering\":0,\"cheeksWidth\":0,\"noseWidth\":0,\"noseBoneTwist\":0,\"eyeBrownHigh\":0,\"neckThickness\":0,\"chinHole\":0,\"chinBoneSize\":0,\"cheeksBoneHigh\":0,\"eyesOpening\":0,\"lipsThickness\":0,\"jawBoneWidth\":0,\"nosePeakSize\":0,\"noseBoneHigh\":0,\"eyeBrownForward\":0,\"jawBoneBackSize\":0,\"nosePeakLowering\":0,\"nosePeakHigh\":0,\"chinBoneLenght\":0},\"headBlend\":{\"skinFirst\":4,\"skinSecond\":0,\"shapeSecond\":0,\"shapeMix\":0,\"shapeFirst\":2,\"skinThird\":0,\"skinMix\":0,\"thirdMix\":0,\"shapeThird\":0},\"hair\":{\"texture\":0,\"color\":3,\"highlight\":0,\"style\":3}}","467826b1f966aed6683f462c40b5cea8ad5b1a22"]
[  script:es_extended] [INFO] Saved player "Kevin Miller"
[ citizen-server-main] -> Quitting: SIGHUP received

================================================================
======== FXServer Starting - 18/05/2023, 01:25:58               
================================================================
[    c-scripting-core] Creating script environments for _cfx_internal
[           resources] Scanning resources.
[           resources] Found 41 resources.
[          svadhesive] Authenticating server license key...
[          svadhesive] Server license key authentication succeeded. Welcome!
[    c-scripting-core] Creating script environments for sessionmanager
[           resources] Started resource sessionmanager
[    c-scripting-core] Creating script environments for monitor
[      script:monitor] [txAdminClient] Version 5.2.0 starting...
[           resources] Started resource monitor
[ citizen-server-impl] [97mCould not open logo.png for reading.
[    c-scripting-core] Creating script environments for yarn
[           resources] Started resource yarn
[    c-scripting-core] Creating script environments for webpack
[           resources] Started resource webpack
[    c-scripting-core] Creating script environments for chat
[           resources] Started resource chat
[    c-scripting-core] [97mCreating script environments for hardcap
[           resources] Started resource hardcap
[    c-scripting-core] Creating script environments for rconlog
[           resources] Started resource rconlog
[    c-scripting-core] [97mCreating script environments for oxmysql
[           resources] Started resource oxmysql
[    c-scripting-core] Creating script environments for ox_lib
[           resources] Started resource ox_lib
[           resources] Started resource spawnmanager
[    c-scripting-core] Creating script environments for es_extended
[           resources] Started resource es_extended
[    c-scripting-core] [97mCreating script environments for ox_target
[           resources] [97mStarted resource ox_target
[    c-scripting-core] Creating script environments for ox_inventory
[           resources] Started resource ox_inventory
[    c-scripting-core] [97mCreating script environments for illenium-appearance
[           resources] Started resource illenium-appearance
[    c-scripting-core] [97mCreating script environments for esx_identity
[           resources] Started resource esx_identity
[    c-scripting-core] Creating script environments for pma-voice
[           resources] Started resource pma-voice
[    c-scripting-core] Creating script environments for esx_context
[           resources] Started resource esx_context
[           resources] Started resource esx_menu_default
[           resources] Started resource esx_menu_dialog
[           resources] Started resource esx_menu_list
[    c-scripting-core] Creating script environments for esx_notify
[           resources] Started resource esx_notify
[    c-scripting-core] Creating script environments for esx_progressbar
[           resources] Started resource esx_progressbar
[    c-scripting-core] Creating script environments for esx_textui
[           resources] Started resource esx_textui
[    c-scripting-core] Creating script environments for skl_core
[  resources:skl_core] [93mWarning: could not find client_script `client/scripts/**/*.lua` (defined in fxmanifest.lua:18)
[           resources] [0mStarted resource skl_core (1 warning)
[    c-scripting-core] Creating script environments for skl_jobs
[           resources] Started resource skl_jobs
[           resources] Started resource loadscreen_crystal
[    c-scripting-core] Creating script environments for ds-mdt
[           resources] Started resource ds-mdt
[    c-scripting-core] Creating script environments for interact-sound
[           resources] Started resource interact-sound
[    c-scripting-core] Creating script environments for baseevents
[           resources] Started resource baseevents
[    c-scripting-core] Creating script environments for rp-radio
[           resources] Started resource rp-radio
[    c-scripting-core] Creating script environments for ox_doorlock
[           resources] Started resource ox_doorlock
[    c-scripting-core] Creating script environments for ox_fuel
[           resources] Started resource ox_fuel
[resources:LosSantosC] Asset LosSantosCustoms/ajaxon_burton_lsc.ytd uses 45.0 MiB of physical memory.
[resources:LosSantosC] Asset LosSantosCustoms/bt1_02_build.ytd uses 25.1 MiB of physical memory.
[           resources] Started resource LosSantosCustoms (2 warnings)
[resources:cfx-gabz-d] Asset cfx-gabz-davispd/gabz_davispd_txd.ytd uses 18.0 MiB of physical memory.
[resources:cfx-gabz-d] Asset cfx-gabz-davispd/gabz_pdprops01_txd.ytd uses 27.5 MiB of physical memory.
[           resources] Started resource cfx-gabz-davispd (2 warnings)
[           resources] Started resource int_hotdogs
[           resources] Started resource vitrine
[           resources] Started resource vitrine2
[      script:oxmysql] Database server connection established!
[      script:monitor] [txAdminClient] Threads and commands set up. All Ready.
[ script:ox_inventory] SCRIPT ERROR: @ox_inventory/modules/mysql/server.lua:81: ox_inventory was unable to execute a query!
[ script:ox_inventory] Table 'final.owned_vehicles' doesn't exist
[ script:ox_inventory] SHOW COLUMNS FROM `owned_vehicles` []
[ script:ox_inventory] > fn (@ox_inventory/modules/mysql/server.lua:81)
[ script:ox_inventory] > <unknown> (@oxmysql/dist/build.js:21832)
[ script:ox_inventory] > processTicksAndRejections (node:internal/process/task_queues:96)
[  script:es_extended] [INFO] ESX Legacy 1.9.4 initialized!
[ citizen-server-impl]         fff                          
[ citizen-server-impl]   cccc ff   xx  xx     rr rr    eee  
[ citizen-server-impl] cc     ffff   xx       rrr  r ee   e 
[ citizen-server-impl] cc     ff     xx   ... rr     eeeee  
[ citizen-server-impl]  ccccc ff   xx  xx ... rr      eeeee 
[ citizen-server-impl]                                      
[ citizen-server-impl] Authenticated with cfx.re Nucleus: https://diego-haubois-ajevek.users.cfx.re/
[ script:ox_inventory] [info] Inventory has loaded 222 items
[      script:hardcap] [0mConnecting: [OFF 2- 31] - Diego Johnson
