
================================================================
======== Log Rotated - 17/05/2023, 00:00:00                     
================================================================
[ citizen-server-impl] Server list query returned an error: System.Threading.Tasks.TaskCanceledException: A task was canceled. <- System.TimeoutException: A task was canceled. <- System.Threading.Tasks.TaskCanceledException: The request was canceled due to the configured HttpClient.Timeout of 30 seconds elapsing.
[  script:es_extended] [INFO] Saved 1 player over 0.0 ms
[script:prz_atmrobber] 7170
[script:prz_atmrobber] jesuisdaccord
[script:prz_atmrobber] 7170
[script:prz_atmrobber] jesuisdaccord
[script:prz_atmrobber] 7170
[script:prz_atmrobber] jesuisdaccord
[script:prz_atmrobber] 7170
[script:prz_atmrobber] jesuisdaccord
[script:prz_atmrobber] 7170
[script:prz_atmrobber] jesuisdaccord
[script:prz_atmrobber] 7170
[script:prz_atmrobber] jesuisdaccord
[script:prz_atmrobber] 7170
[script:prz_atmrobber] jesuisdaccord
[script:prz_atmrobber] 7170
[script:prz_atmrobber] jesuisdaccord
[script:prz_atmrobber] 7170
[script:prz_atmrobber] jesuisdaccord
[script:prz_atmrobber] 7170
[script:prz_atmrobber] jesuisdaccord
[script:prz_atmrobber] 7170
[script:prz_atmrobber] jesuisdaccord
[script:prz_atmrobber] 7170
[script:prz_atmrobber] jesuisdaccord
[script:prz_atmrobber] 7170
[script:prz_atmrobber] jesuisdaccord
[script:prz_atmrobber] 7170
[script:prz_atmrobber] jesuisdaccord
[script:prz_atmrobber] 7170
[script:prz_atmrobber] jesuisdaccord
[script:prz_atmrobber] 7170
[script:prz_atmrobber] jesuisdaccord
[script:prz_atmrobber] 7170
[script:prz_atmrobber] jesuisdaccord
[script:prz_atmrobber] 7170
[script:prz_atmrobber] jesuisdaccord
[script:prz_atmrobber] 7170
[script:prz_atmrobber] jesuisdaccord
[script:prz_atmrobber] 7170
[script:prz_atmrobber] jesuisdaccord
[script:prz_atmrobber] 7170
[script:prz_atmrobber] jesuisdaccord
[script:prz_atmrobber] 7170
[script:prz_atmrobber] jesuisdaccord
[script:prz_atmrobber] 7170
[script:prz_atmrobber] jesuisdaccord
[script:prz_atmrobber] 7170
[script:prz_atmrobber] jesuisdaccord
[script:prz_atmrobber] 7170
[script:prz_atmrobber] jesuisdaccord
[script:prz_atmrobber] 7170
[script:prz_atmrobber] jesuisdaccord
[ citizen-server-impl] Server list query returned an error: System.Threading.Tasks.TaskCanceledException: A task was canceled. <- System.TimeoutException: A task was canceled. <- System.Threading.Tasks.TaskCanceledException: The request was canceled due to the configured HttpClient.Timeout of 30 seconds elapsing.
[script:prz_atmrobber] 7170
[script:prz_atmrobber] jesuisdaccord
[script:prz_atmrobber] t
[script:prz_atmrobber] t
[script:prz_atmrobber] t
[script:prz_atmrobber] t
[script:prz_atmrobber] t
[script:prz_atmrobber] t
[script:prz_atmrobber] t
[script:prz_atmrobber] t
[script:prz_atmrobber] t
[script:prz_atmrobber] t
[script:prz_atmrobber] t
[ citizen-server-impl] Server list query returned an error: System.Threading.Tasks.TaskCanceledException: A task was canceled. <- System.TimeoutException: A task was canceled. <- System.Threading.Tasks.TaskCanceledException: The request was canceled due to the configured HttpClient.Timeout of 30 seconds elapsing.
[ citizen-server-impl] Server list query returned an error: System.Threading.Tasks.TaskCanceledException: A task was canceled. <- System.TimeoutException: A task was canceled. <- System.Threading.Tasks.TaskCanceledException: The request was canceled due to the configured HttpClient.Timeout of 30 seconds elapsing.
[  script:es_extended] [INFO] Saved 1 player over 0.0 ms
[ citizen-server-impl] Server list query returned an error: System.Threading.Tasks.TaskCanceledException: A task was canceled. <- System.TimeoutException: A task was canceled. <- System.Threading.Tasks.TaskCanceledException: The request was canceled due to the configured HttpClient.Timeout of 30 seconds elapsing.
[script:prz_atmrobber] 1
[script:prz_atmrobber] 2
[script:prz_atmrobber] 2
[script:prz_atmrobber] 2
[script:prz_atmrobber] 2
[script:prz_atmrobber] 2
[script:prz_atmrobber] 2
[script:prz_atmrobber] [0m2
[script:prz_atmrobber] 2
[script:prz_atmrobber] 2
[script:prz_atmrobber] 2
[script:prz_atmrobber] 2
[script:prz_atmrobber] 2
[script:prz_atmrobber] 2
[script:prz_atmrobber] 2
[script:prz_atmrobber] 2
[script:prz_atmrobber] 2
[script:prz_atmrobber] 2
[script:prz_atmrobber] 2
[script:prz_atmrobber] 2
[script:prz_atmrobber] 2
[script:prz_atmrobber] 2
[script:prz_atmrobber] 2
[script:prz_atmrobber] 2
[script:prz_atmrobber] 2
[script:prz_atmrobber] 2
[script:prz_atmrobber] 2
[script:prz_atmrobber] 1
[script:prz_atmrobber] 2
[script:prz_atmrobber] 2
[script:prz_atmrobber] 2
[script:prz_atmrobber] 2
[script:prz_atmrobber] 2
[script:prz_atmrobber] 2
[script:prz_atmrobber] 2
[script:prz_atmrobber] 2
[script:prz_atmrobber] 2
[script:prz_atmrobber] 2
[script:prz_atmrobber] 2
[script:prz_atmrobber] 2
[script:prz_atmrobber] 2
[script:prz_atmrobber] 2
[script:prz_atmrobber] 2
[script:prz_atmrobber] 2
[script:prz_atmrobber] 2
[script:prz_atmrobber] 2
[script:prz_atmrobber] 2
[script:prz_atmrobber] 2
[script:prz_atmrobber] 2
[script:prz_atmrobber] 2
[script:prz_atmrobber] 2
[script:prz_atmrobber] 2
[script:prz_atmrobber] 2
[script:prz_atmrobber] 2
[script:prz_atmrobber] 2
[script:prz_atmrobber] 2
[script:prz_atmrobber] 2
[script:prz_atmrobber] 2
[script:prz_atmrobber] 2
[script:prz_atmrobber] 2
[script:prz_atmrobber] 2
[script:prz_atmrobber] 2
[script:prz_atmrobber] 2
[script:prz_atmrobber] 2
[script:prz_atmrobber] 2
[script:prz_atmrobber] 2
[script:prz_atmrobber] 2
[script:prz_atmrobber] 2
[script:prz_atmrobber] 2
[script:prz_atmrobber] 2
[script:prz_atmrobber] 2
[script:prz_atmrobber] 2
[script:prz_atmrobber] 2
[script:prz_atmrobber] 2
[script:prz_atmrobber] 2
[script:prz_atmrobber] 2
[script:prz_atmrobber] 2
[script:prz_atmrobber] 2
[script:prz_atmrobber] 1
[script:prz_atmrobber] 2
[script:prz_atmrobber] 2
[script:prz_atmrobber] 2
[script:prz_atmrobber] 2
[script:prz_atmrobber] 2
[script:prz_atmrobber] 2
[script:prz_atmrobber] 2
[script:prz_atmrobber] 2
[script:prz_atmrobber] 2
[script:prz_atmrobber] 2
[script:prz_atmrobber] 2
[script:prz_atmrobber] 2
[script:prz_atmrobber] 2
[script:prz_atmrobber] 2
[script:prz_atmrobber] 2
[script:prz_atmrobber] 2
[script:prz_atmrobber] 2
[script:prz_atmrobber] 2
[script:prz_atmrobber] 2
[script:prz_atmrobber] 2
[script:prz_atmrobber] 2
[script:prz_atmrobber] 2
[script:prz_atmrobber] 2
[script:prz_atmrobber] 2
[script:prz_atmrobber] 2
[script:prz_atmrobber] 2
[script:prz_atmrobber] 2
[script:prz_atmrobber] 1
[script:prz_atmrobber] 2
[script:prz_atmrobber] 2
[script:prz_atmrobber] 2
[script:prz_atmrobber] 2
[script:prz_atmrobber] 2
[script:prz_atmrobber] 2
[script:prz_atmrobber] 2
[script:prz_atmrobber] 2
[script:prz_atmrobber] 2
[script:prz_atmrobber] 2
[script:prz_atmrobber] 2
[script:prz_atmrobber] 2
[script:prz_atmrobber] 2
[script:prz_atmrobber] 2
[script:prz_atmrobber] 2
[script:prz_atmrobber] 2
[script:prz_atmrobber] 2
[script:prz_atmrobber] 2
[script:prz_atmrobber] 2
[script:prz_atmrobber] 2
[script:prz_atmrobber] 2
[script:prz_atmrobber] 2
[script:prz_atmrobber] 1
[script:prz_atmrobber] 2
[script:prz_atmrobber] 2
[script:prz_atmrobber] 2
[script:prz_atmrobber] 2
[script:prz_atmrobber] 2
[script:prz_atmrobber] 2
[script:prz_atmrobber] 2
[script:prz_atmrobber] 2
[script:prz_atmrobber] 2
[script:prz_atmrobber] 2
[script:prz_atmrobber] 2
[script:prz_atmrobber] 2
[script:prz_atmrobber] 2
[script:prz_atmrobber] 2
[script:prz_atmrobber] 2
[script:prz_atmrobber] 2
[script:prz_atmrobber] 2
[script:prz_atmrobber] 2
[script:prz_atmrobber] 2
[script:prz_atmrobber] 2
[script:prz_atmrobber] 1
[script:prz_atmrobber] 2
[script:prz_atmrobber] 2
[script:prz_atmrobber] 2
[script:prz_atmrobber] 2
[script:prz_atmrobber] 2
[script:prz_atmrobber] 2
[script:prz_atmrobber] 2
[script:prz_atmrobber] 2
[script:prz_atmrobber] 2
[script:prz_atmrobber] 2
[script:prz_atmrobber] 1
[script:prz_atmrobber] 2
[script:prz_atmrobber] 2
[script:prz_atmrobber] 2
[script:prz_atmrobber] 2
[script:prz_atmrobber] 2
[script:prz_atmrobber] 2
[script:prz_atmrobber] 2
[script:prz_atmrobber] 2
[script:prz_atmrobber] 2
[script:prz_atmrobber] 2
[script:prz_atmrobber] 2
[script:prz_atmrobber] 2
[script:prz_atmrobber] 2
[script:prz_atmrobber] 2
[script:prz_atmrobber] 1
[script:prz_atmrobber] 2
[script:prz_atmrobber] 2
[script:prz_atmrobber] 2
[script:prz_atmrobber] 2
[script:prz_atmrobber] 2
[script:prz_atmrobber] 2
[script:prz_atmrobber] 2
[script:prz_atmrobber] 2
[ citizen-server-impl] Server list query returned an error: System.Threading.Tasks.TaskCanceledException: A task was canceled. <- System.TimeoutException: A task was canceled. <- System.Threading.Tasks.TaskCanceledException: The request was canceled due to the configured HttpClient.Timeout of 30 seconds elapsing.
[script:prz_atmrobber] 1
[script:prz_atmrobber] 1
[script:prz_atmrobber] false
[script:prz_atmrobber] 2
[script:prz_atmrobber] true
[ citizen-server-impl] Server list query returned an error: System.Threading.Tasks.TaskCanceledException: A task was canceled. <- System.TimeoutException: A task was canceled. <- System.Threading.Tasks.TaskCanceledException: The request was canceled due to the configured HttpClient.Timeout of 30 seconds elapsing.
[script:prz_atmrobber] 1
[script:prz_atmrobber] true
[  script:es_extended] [INFO] Saved 1 player over 0.0 ms
[ citizen-server-impl] Server list query returned an error: System.Threading.Tasks.TaskCanceledException: A task was canceled. <- System.TimeoutException: A task was canceled. <- System.Threading.Tasks.TaskCanceledException: The request was canceled due to the configured HttpClient.Timeout of 30 seconds elapsing.
[script:prz_atmrobber] 1684275896
[ citizen-server-impl] Server list query returned an error: System.Threading.Tasks.TaskCanceledException: A task was canceled. <- System.TimeoutException: A task was canceled. <- System.Threading.Tasks.TaskCanceledException: The request was canceled due to the configured HttpClient.Timeout of 30 seconds elapsing.
[script:prz_atmrobber] 7170
[ citizen-server-impl] Server list query returned an error: System.Threading.Tasks.TaskCanceledException: A task was canceled. <- System.TimeoutException: A task was canceled. <- System.Threading.Tasks.TaskCanceledException: The request was canceled due to the configured HttpClient.Timeout of 30 seconds elapsing.
[script:prz_atmrobber] 7170
[script:prz_atmrobber] 7170
[ citizen-server-impl] Server list query returned an error: System.Threading.Tasks.TaskCanceledException: A task was canceled. <- System.TimeoutException: A task was canceled. <- System.Threading.Tasks.TaskCanceledException: The request was canceled due to the configured HttpClient.Timeout of 30 seconds elapsing.
[script:prz_atmrobber] 7170
[  script:es_extended] [INFO] Saved 1 player over 0.0 ms
[ citizen-server-impl] Server list query returned an error: System.Threading.Tasks.TaskCanceledException: A task was canceled. <- System.TimeoutException: A task was canceled. <- System.Threading.Tasks.TaskCanceledException: The request was canceled due to the configured HttpClient.Timeout of 30 seconds elapsing.
[ citizen-server-impl] Server list query returned an error: System.Threading.Tasks.TaskCanceledException: A task was canceled. <- System.TimeoutException: A task was canceled. <- System.Threading.Tasks.TaskCanceledException: The request was canceled due to the configured HttpClient.Timeout of 30 seconds elapsing.
[script:prz_atmrobber] SCRIPT ERROR: @prz_atmrobbery/server/main.lua:26: attempt to perform arithmetic on a nil value (field '?')
[script:prz_atmrobber] > CheckTime (@prz_atmrobbery/server/main.lua:26)
[script:prz_atmrobber] > ref (@prz_atmrobbery/server/main.lua:6)
[script:prz_atmrobber] > handler (@es_extended/server/modules/callback.lua:19)
[  script:es_extended] SCRIPT ERROR: error object is not a string
[script:prz_atmrobber] SCRIPT ERROR: @prz_atmrobbery/server/main.lua:26: attempt to perform arithmetic on a nil value (field '?')
[script:prz_atmrobber] > CheckTime (@prz_atmrobbery/server/main.lua:26)
[script:prz_atmrobber] > ref (@prz_atmrobbery/server/main.lua:6)
[script:prz_atmrobber] > handler (@es_extended/server/modules/callback.lua:19)
[  script:es_extended] SCRIPT ERROR: error object is not a string
[script:prz_atmrobber] La Bijouterie a deja était braquer. Merci d'attendre: 1776secondes.
[script:prz_atmrobber] La Bijouterie a deja était braquer. Merci d'attendre: 1774secondes.
[script:prz_atmrobber] La Bijouterie a deja était braquer. Merci d'attendre: 1768secondes.
[script:prz_atmrobber] La Bijouterie a deja était braquer. Merci d'attendre: 1767secondes.
[script:prz_atmrobber] La Bijouterie a deja était braquer. Merci d'attendre: 1756secondes.
[ citizen-server-impl] Server list query returned an error: System.Threading.Tasks.TaskCanceledException: A task was canceled. <- System.TimeoutException: A task was canceled. <- System.Threading.Tasks.TaskCanceledException: The request was canceled due to the configured HttpClient.Timeout of 30 seconds elapsing.
[script:prz_atmrobber] La Bijouterie a deja était braquer. Merci d'attendre: 1739secondes.
[script:prz_atmrobber] La Bijouterie a deja était braquer. Merci d'attendre: 1785secondes.
[script:prz_atmrobber] La Bijouterie a deja était braquer. Merci d'attendre: 1719secondes.
[script:prz_atmrobber] La Bijouterie a deja était braquer. Merci d'attendre: 1714secondes.
[script:prz_atmrobber] La Bijouterie a deja était braquer. Merci d'attendre: 1777secondes.
[      script:oxmysql] [WARNING] es_extended took 404.6182ms to execute a query!
[      script:oxmysql]     UPDATE `users` SET `accounts` = ?, `job` = ?, `job_grade` = ?, `group` = ?, `position` = ?, `inventory` = ?, `loadout` = ?, `metadata` = ? WHERE `identifier` = ? ["{\"black_money\":0,\"money\":0,\"bank\":59936}","mechanic",0,"admin","{\"z\":29.3304443359375,\"y\":-1034.26806640625,\"x\":149.90769958496095,\"heading\":90.70865631103516}","[{\"name\":\"WEAPON_PISTOL\",\"metadata\":{\"registered\":\"Kevin Miller\",\"durability\":75.00000000000014,\"components\":[],\"serial\":\"288606LKX297025\",\"ammo\":4},\"count\":1,\"slot\":1},{\"name\":\"tablet\",\"count\":1,\"slot\":7},{\"name\":\"carokit\",\"count\":1,\"slot\":8},{\"name\":\"ammo-9\",\"count\":66,\"slot\":16},{\"name\":\"blowpipe\",\"count\":1,\"slot\":6},{\"name\":\"carokit\",\"count\":2,\"slot\":9}]","[]","[]","467826b1f966aed6683f462c40b5cea8ad5b1a22"]
[  script:es_extended] [INFO] Saved 1 player over 0.0 ms
[script:prz_atmrobber] La Bijouterie a deja était braquer. Merci d'attendre: 1773secondes.
[script:prz_atmrobber] La Bijouterie a deja était braquer. Merci d'attendre: 1770secondes.
[ citizen-server-impl] Server list query returned an error: System.Threading.Tasks.TaskCanceledException: A task was canceled. <- System.TimeoutException: A task was canceled. <- System.Threading.Tasks.TaskCanceledException: The request was canceled due to the configured HttpClient.Timeout of 30 seconds elapsing.
[script:prz_atmrobber] 25
[script:prz_atmrobber] La Bijouterie a deja était braquer. Merci d'attendre: 1775secondes.
[script:prz_atmrobber] 34
[script:prz_atmrobber] La Bijouterie a deja était braquer. Merci d'attendre: 1766secondes.
[script:prz_atmrobber] 38
[script:prz_atmrobber] La Bijouterie a deja était braquer. Merci d'attendre: 1762secondes.
[script:prz_atmrobber] 40
[script:prz_atmrobber] La Bijouterie a deja était braquer. Merci d'attendre: 1760secondes.
[script:prz_atmrobber] 44
[script:prz_atmrobber] La Bijouterie a deja était braquer. Merci d'attendre: 1756secondes.
[script:prz_atmrobber] 47
[script:prz_atmrobber] La Bijouterie a deja était braquer. Merci d'attendre: 1753secondes.
[ citizen-server-impl] Server list query returned an error: System.Threading.Tasks.TaskCanceledException: A task was canceled. <- System.TimeoutException: A task was canceled. <- System.Threading.Tasks.TaskCanceledException: The request was canceled due to the configured HttpClient.Timeout of 30 seconds elapsing.
[script:prz_atmrobber] 67
[script:prz_atmrobber] La Bijouterie a deja était braquer. Merci d'attendre: 1733secondes.
[script:prz_atmrobber] 70
[script:prz_atmrobber] La Bijouterie a deja était braquer. Merci d'attendre: 1730secondes.
[script:prz_atmrobber] 74
[script:prz_atmrobber] La Bijouterie a deja était braquer. Merci d'attendre: 1726secondes.
[script:prz_atmrobber] 75
[script:prz_atmrobber] La Bijouterie a deja était braquer. Merci d'attendre: 1725secondes.
[script:prz_atmrobber] 79
[script:prz_atmrobber] La Bijouterie a deja était braquer. Merci d'attendre: 1721secondes.
[script:prz_atmrobber] 143
[script:prz_atmrobber] La Bijouterie a deja était braquer. Merci d'attendre: 1657secondes.
[script:prz_atmrobber] 146
[script:prz_atmrobber] La Bijouterie a deja était braquer. Merci d'attendre: 1654secondes.
[script:prz_atmrobber] 150
[script:prz_atmrobber] La Bijouterie a deja était braquer. Merci d'attendre: 1650secondes.
[script:prz_atmrobber] 29
[script:prz_atmrobber] La Bijouterie a deja était braquer. Merci d'attendre: 1771secondes.
[ citizen-server-impl] Server list query returned an error: System.Threading.Tasks.TaskCanceledException: A task was canceled. <- System.TimeoutException: A task was canceled. <- System.Threading.Tasks.TaskCanceledException: The request was canceled due to the configured HttpClient.Timeout of 30 seconds elapsing.
[script:prz_atmrobber] 36
[script:prz_atmrobber] La Bijouterie a deja était braquer. Merci d'attendre: -6secondes.
[script:prz_atmrobber] 44
[script:prz_atmrobber] La Bijouterie a deja était braquer. Merci d'attendre: -14secondes.
[script:prz_atmrobber] 49
[script:prz_atmrobber] La Bijouterie a deja était braquer. Merci d'attendre: -19secondes.
[script:prz_atmrobber] 50
[script:prz_atmrobber] La Bijouterie a deja était braquer. Merci d'attendre: -20secondes.
[script:prz_atmrobber] 52
[script:prz_atmrobber] La Bijouterie a deja était braquer. Merci d'attendre: -22secondes.
[script:prz_atmrobber] 53
[script:prz_atmrobber] La Bijouterie a deja était braquer. Merci d'attendre: -23secondes.
[script:prz_atmrobber] [0m54
[script:prz_atmrobber] La Bijouterie a deja était braquer. Merci d'attendre: -24secondes.
[script:prz_atmrobber] 55
[script:prz_atmrobber] La Bijouterie a deja était braquer. Merci d'attendre: -25secondes.
[script:prz_atmrobber] 55
[script:prz_atmrobber] La Bijouterie a deja était braquer. Merci d'attendre: -25secondes.
[script:prz_atmrobber] 56
[script:prz_atmrobber] La Bijouterie a deja était braquer. Merci d'attendre: -26secondes.
[script:prz_atmrobber] 57
[script:prz_atmrobber] La Bijouterie a deja était braquer. Merci d'attendre: -27secondes.
[script:prz_atmrobber] 57
[script:prz_atmrobber] La Bijouterie a deja était braquer. Merci d'attendre: -27secondes.
[script:prz_atmrobber] 61
[script:prz_atmrobber] La Bijouterie a deja était braquer. Merci d'attendre: -31secondes.
[script:prz_atmrobber] 68
[script:prz_atmrobber] La Bijouterie a deja était braquer. Merci d'attendre: -38secondes.
[script:prz_atmrobber] 69
[script:prz_atmrobber] La Bijouterie a deja était braquer. Merci d'attendre: -39secondes.
[script:prz_atmrobber] 74
[script:prz_atmrobber] La Bijouterie a deja était braquer. Merci d'attendre: -44secondes.
[script:prz_atmrobber] 76
[script:prz_atmrobber] La Bijouterie a deja était braquer. Merci d'attendre: -46secondes.
[script:prz_atmrobber] 77
[script:prz_atmrobber] La Bijouterie a deja était braquer. Merci d'attendre: -47secondes.
[script:prz_atmrobber] 78
[script:prz_atmrobber] La Bijouterie a deja était braquer. Merci d'attendre: -48secondes.
[script:prz_atmrobber] 84
[script:prz_atmrobber] La Bijouterie a deja était braquer. Merci d'attendre: -54secondes.
[script:prz_atmrobber] 89
[script:prz_atmrobber] La Bijouterie a deja était braquer. Merci d'attendre: -59secondes.
[script:prz_atmrobber] 92
[script:prz_atmrobber] La Bijouterie a deja était braquer. Merci d'attendre: -62secondes.
[script:prz_atmrobber] 102
[script:prz_atmrobber] La Bijouterie a deja était braquer. Merci d'attendre: -72secondes.
[script:prz_atmrobber] 105
[script:prz_atmrobber] La Bijouterie a deja était braquer. Merci d'attendre: -75secondes.
[script:prz_atmrobber] 106
[script:prz_atmrobber] La Bijouterie a deja était braquer. Merci d'attendre: -76secondes.
[script:prz_atmrobber] 110
[script:prz_atmrobber] La Bijouterie a deja était braquer. Merci d'attendre: -80secondes.
[script:prz_atmrobber] 115
[script:prz_atmrobber] La Bijouterie a deja était braquer. Merci d'attendre: -85secondes.
[script:prz_atmrobber] 118
[38;5;179m[script:prz_atmrobber] La Bijouterie a deja était braquer. Merci d'attendre: -88secondes.
[script:prz_atmrobber] 119
[script:prz_atmrobber] La Bijouterie a deja était braquer. Merci d'attendre: -89secondes.
[script:prz_atmrobber] 125
[script:prz_atmrobber] La Bijouterie a deja était braquer. Merci d'attendre: -95secondes.
[script:prz_atmrobber] 129
[script:prz_atmrobber] La Bijouterie a deja était braquer. Merci d'attendre: -99secondes.
[script:prz_atmrobber] 133
[script:prz_atmrobber] La Bijouterie a deja était braquer. Merci d'attendre: -103secondes.
[script:prz_atmrobber] 137
[script:prz_atmrobber] La Bijouterie a deja était braquer. Merci d'attendre: -107secondes.
[script:prz_atmrobber] 140
[script:prz_atmrobber] La Bijouterie a deja était braquer. Merci d'attendre: -110secondes.
[script:prz_atmrobber] 143
[script:prz_atmrobber] La Bijouterie a deja était braquer. Merci d'attendre: -113secondes.
[script:prz_atmrobber] 145
[script:prz_atmrobber] La Bijouterie a deja était braquer. Merci d'attendre: -115secondes.
[script:prz_atmrobber] 147
[script:prz_atmrobber] La Bijouterie a deja était braquer. Merci d'attendre: -117secondes.
[script:prz_atmrobber] 150
[script:prz_atmrobber] 153
[script:prz_atmrobber] 154
[script:prz_atmrobber] 155
[script:prz_atmrobber] 156
[  script:es_extended] [INFO] Saved 1 player over 0.0 ms
[script:prz_atmrobber] 162
[script:prz_atmrobber] 165
[ citizen-server-impl] Server list query returned an error: System.Threading.Tasks.TaskCanceledException: A task was canceled. <- System.TimeoutException: A task was canceled. <- System.Threading.Tasks.TaskCanceledException: The request was canceled due to the configured HttpClient.Timeout of 30 seconds elapsing.
[ citizen-server-impl] Server list query returned an error: System.Threading.Tasks.TaskCanceledException: A task was canceled. <- System.TimeoutException: A task was canceled. <- System.Threading.Tasks.TaskCanceledException: The request was canceled due to the configured HttpClient.Timeout of 30 seconds elapsing.
[ citizen-server-impl] Server list query returned an error: System.Threading.Tasks.TaskCanceledException: A task was canceled. <- System.TimeoutException: A task was canceled. <- System.Threading.Tasks.TaskCanceledException: The request was canceled due to the configured HttpClient.Timeout of 30 seconds elapsing.
[ citizen-server-impl] Server list query returned an error: System.Threading.Tasks.TaskCanceledException: A task was canceled. <- System.TimeoutException: A task was canceled. <- System.Threading.Tasks.TaskCanceledException: The request was canceled due to the configured HttpClient.Timeout of 30 seconds elapsing.
[  script:es_extended] [INFO] Saved 1 player over 0.0 ms
[ citizen-server-impl] Server list query returned an error: System.Threading.Tasks.TaskCanceledException: A task was canceled. <- System.TimeoutException: A task was canceled. <- System.Threading.Tasks.TaskCanceledException: The request was canceled due to the configured HttpClient.Timeout of 30 seconds elapsing.
[ citizen-server-impl] Server list query returned an error: System.Threading.Tasks.TaskCanceledException: A task was canceled. <- System.TimeoutException: A task was canceled. <- System.Threading.Tasks.TaskCanceledException: The request was canceled due to the configured HttpClient.Timeout of 30 seconds elapsing.
[ citizen-server-impl] Server list query returned an error: System.Threading.Tasks.TaskCanceledException: A task was canceled. <- System.TimeoutException: A task was canceled. <- System.Threading.Tasks.TaskCanceledException: The request was canceled due to the configured HttpClient.Timeout of 30 seconds elapsing.
[  script:es_extended] [INFO] Saved 1 player over [36m0.0 ms
[ citizen-server-impl] Server list query returned an error: System.Threading.Tasks.TaskCanceledException: A task was canceled. <- System.TimeoutException: A task was canceled. <- System.Threading.Tasks.TaskCanceledException: The request was canceled due to the configured HttpClient.Timeout of 30 seconds elapsing.
[ citizen-server-impl] Server list query returned an error: System.Threading.Tasks.TaskCanceledException: A task was canceled. <- System.TimeoutException: A task was canceled. <- System.Threading.Tasks.TaskCanceledException: The request was canceled due to the configured HttpClient.Timeout of 30 seconds elapsing.
[script:prz_atmrobber] 333
[script:prz_atmrobber] 333	1467
[script:prz_atmrobber] La Bijouterie a deja était braquer. Merci d'attendre: 1467secondes.
[script:prz_atmrobber] 343
[script:prz_atmrobber] 343	1457
[script:prz_atmrobber] La Bijouterie a deja était braquer. Merci d'attendre: 1457secondes.
[script:prz_atmrobber] 355
[script:prz_atmrobber] 355	1445
[script:prz_atmrobber] La Bijouterie a deja était braquer. Merci d'attendre: 1445secondes.
[ citizen-server-impl] Server list query returned an error: System.Threading.Tasks.TaskCanceledException: A task was canceled. <- System.TimeoutException: A task was canceled. <- System.Threading.Tasks.TaskCanceledException: The request was canceled due to the configured HttpClient.Timeout of 30 seconds elapsing.
[      script:oxmysql] [WARNING] es_extended took 417.8109ms to execute a query!
[      script:oxmysql]     UPDATE `users` SET `accounts` = ?, `job` = ?, `job_grade` = ?, `group` = ?, `position` = ?, `inventory` = ?, `loadout` = ?, `metadata` = ? WHERE `identifier` = ? ["{\"black_money\":0,\"money\":0,\"bank\":60008}","mechanic",0,"admin","{\"z\":29.3304443359375,\"y\":-1035.125244140625,\"x\":146.03077697753907,\"heading\":150.23622131347657}","[{\"name\":\"WEAPON_PISTOL\",\"metadata\":{\"registered\":\"Kevin Miller\",\"durability\":75.00000000000014,\"components\":[],\"serial\":\"288606LKX297025\",\"ammo\":4},\"count\":1,\"slot\":1},{\"name\":\"tablet\",\"count\":1,\"slot\":7},{\"name\":\"carokit\",\"count\":1,\"slot\":8},{\"name\":\"ammo-9\",\"count\":66,\"slot\":16},{\"name\":\"blowpipe\",\"count\":1,\"slot\":6},{\"name\":\"carokit\",\"count\":2,\"slot\":9}]","[]","[]","467826b1f966aed6683f462c40b5cea8ad5b1a22"]
[  script:es_extended] [INFO] Saved 1 player over 0.0 ms
[ citizen-server-impl] Server list query returned an error: System.Threading.Tasks.TaskCanceledException: A task was canceled. <- System.TimeoutException: A task was canceled. <- System.Threading.Tasks.TaskCanceledException: The request was canceled due to the configured HttpClient.Timeout of 30 seconds elapsing.
[script:prz_atmrobber] L'atm a deja était braquer. Merci d'attendre: -2secondes.
[script:prz_atmrobber] L'atm a deja était braquer. Merci d'attendre: -3secondes.
[script:prz_atmrobber] L'atm a deja était braquer. Merci d'attendre: -4secondes.
[script:prz_atmrobber] L'atm a deja était braquer. Merci d'attendre: -5secondes.
[script:prz_atmrobber] L'atm a deja était braquer. Merci d'attendre: -6secondes.
[script:prz_atmrobber] L'atm a deja était braquer. Merci d'attendre: -6secondes.
[script:prz_atmrobber] L'atm a deja était braquer. Merci d'attendre: -16secondes.
[script:prz_atmrobber] L'atm a deja était braquer. Merci d'attendre: -17secondes.
[script:prz_atmrobber] L'atm a deja était braquer. Merci d'attendre: -18secondes.
[script:prz_atmrobber] L'atm a deja était braquer. Merci d'attendre: -22secondes.
[script:prz_atmrobber] L'atm a deja était braquer. Merci d'attendre: -25secondes.
[script:prz_atmrobber] L'atm a deja était braquer. Merci d'attendre: -26secondes.
[script:prz_atmrobber] L'atm a deja était braquer. Merci d'attendre: -27secondes.
[script:prz_atmrobber] L'atm a deja était braquer. Merci d'attendre: -27secondes.
[script:prz_atmrobber] L'atm a deja était braquer. Merci d'attendre: -28secondes.
[ citizen-server-impl] Server list query returned an error: System.Threading.Tasks.TaskCanceledException: A task was canceled. <- System.TimeoutException: A task was canceled. <- System.Threading.Tasks.TaskCanceledException: The request was canceled due to the configured HttpClient.Timeout of 30 seconds elapsing.
[script:prz_atmrobber] L'atm a deja était braquer. Merci d'attendre: -29secondes.
[script:prz_atmrobber] L'atm a deja était braquer. Merci d'attendre: -29secondes.
[script:prz_atmrobber] L'atm a deja était braquer. Merci d'attendre: -30secondes.
[script:prz_atmrobber] L'atm a deja était braquer. Merci d'attendre: -31secondes.
[script:prz_atmrobber] L'atm a deja était braquer. Merci d'attendre: -31secondes.
[script:prz_atmrobber] L'atm a deja était braquer. Merci d'attendre: -32secondes.
[script:prz_atmrobber] L'atm a deja était braquer. Merci d'attendre: -33secondes.
[script:prz_atmrobber] L'atm a deja était braquer. Merci d'attendre: -34secondes.
[script:prz_atmrobber] L'atm a deja était braquer. Merci d'attendre: -34secondes.
[script:prz_atmrobber] L'atm a deja était braquer. Merci d'attendre: -35secondes.
[script:prz_atmrobber] L'atm a deja était braquer. Merci d'attendre: -36secondes.
[script:prz_atmrobber] L'atm a deja était braquer. Merci d'attendre: -36secondes.
[script:prz_atmrobber] L'atm a deja était braquer. Merci d'attendre: -37secondes.
[script:prz_atmrobber] L'atm a deja était braquer. Merci d'attendre: -38secondes.
[script:prz_atmrobber] L'atm a deja était braquer. Merci d'attendre: -39secondes.
[script:prz_atmrobber] L'atm a deja était braquer. Merci d'attendre: -39secondes.
[script:prz_atmrobber] L'atm a deja était braquer. Merci d'attendre: -40secondes.
[script:prz_atmrobber] L'atm a deja était braquer. Merci d'attendre: -54secondes.
[script:prz_atmrobber] L'atm a deja était braquer. Merci d'attendre: -55secondes.
[script:prz_atmrobber] L'atm a deja était braquer. Merci d'attendre: 1777secondes.
[script:prz_atmrobber] L'atm a deja était braquer. Merci d'attendre: 1774secondes.
[script:prz_atmrobber] L'atm a deja était braquer. Merci d'attendre: 1771secondes.
[script:prz_atmrobber] L'atm a deja était braquer. Merci d'attendre: 1769secondes.
[script:prz_atmrobber] L'atm a deja était braquer. Merci d'attendre: 1763secondes.
[script:prz_atmrobber] L'atm a deja était braquer. Merci d'attendre: 1760secondes.
[script:prz_atmrobber] L'atm a deja était braquer. Merci d'attendre: 1759secondes.
[script:prz_atmrobber] L'atm a deja était braquer. Merci d'attendre: 1758secondes.
[script:prz_atmrobber] L'atm a deja était braquer. Merci d'attendre: 1758secondes.
[script:prz_atmrobber] L'atm a deja était braquer. Merci d'attendre: 1757secondes.
[script:prz_atmrobber] L'atm a deja était braquer. Merci d'attendre: 1756secondes.
[script:prz_atmrobber] L'atm a deja était braquer. Merci d'attendre: 1755secondes.
[script:prz_atmrobber] L'atm a deja était braquer. Merci d'attendre: 1755secondes.
[script:prz_atmrobber] L'atm a deja était braquer. Merci d'attendre: 1754secondes.
[script:prz_atmrobber] L'atm a deja était braquer. Merci d'attendre: 1754secondes.
[ citizen-server-impl] Server list query returned an error: System.Threading.Tasks.TaskCanceledException: A task was canceled. <- System.TimeoutException: A task was canceled. <- System.Threading.Tasks.TaskCanceledException: The request was canceled due to the configured HttpClient.Timeout of 30 seconds elapsing.
[script:prz_atmrobber] 37
[script:prz_atmrobber] L'atm a deja était braquer. Merci d'attendre: 1763secondes.
[script:prz_atmrobber] 41
[script:prz_atmrobber] L'atm a deja était braquer. Merci d'attendre: 1759secondes.
[script:prz_atmrobber] 43
[script:prz_atmrobber] L'atm a deja était braquer. Merci d'attendre: 1757secondes.
[script:prz_atmrobber] 46
[script:prz_atmrobber] L'atm a deja était braquer. Merci d'attendre: 1754secondes.
[script:prz_atmrobber] 24
[script:prz_atmrobber] L'atm a deja était braquer. Merci d'attendre: 36secondes.
[script:prz_atmrobber] 28
[script:prz_atmrobber] L'atm a deja était braquer. Merci d'attendre: 32secondes.
[script:prz_atmrobber] 31
[script:prz_atmrobber] L'atm a deja était braquer. Merci d'attendre: 29secondes.
[script:prz_atmrobber] 34
[script:prz_atmrobber] L'atm a deja était braquer. Merci d'attendre: 26secondes.
[script:prz_atmrobber] 38
[script:prz_atmrobber] L'atm a deja était braquer. Merci d'attendre: 22secondes.
[script:prz_atmrobber] 40
[script:prz_atmrobber] L'atm a deja était braquer. Merci d'attendre: 20secondes.
[script:prz_atmrobber] 43
[script:prz_atmrobber] L'atm a deja était braquer. Merci d'attendre: 17secondes.
[script:prz_atmrobber] 45
[script:prz_atmrobber] L'atm a deja était braquer. Merci d'attendre: 15secondes.
[script:prz_atmrobber] 47
[script:prz_atmrobber] L'atm a deja était braquer. Merci d'attendre: 13secondes.
[script:prz_atmrobber] 51
[script:prz_atmrobber] L'atm a deja était braquer. Merci d'attendre: 9secondes.
[script:prz_atmrobber] 53
[script:prz_atmrobber] L'atm a deja était braquer. Merci d'attendre: 7secondes.
[script:prz_atmrobber] 56
[script:prz_atmrobber] L'atm a deja était braquer. Merci d'attendre: 4secondes.
[script:prz_atmrobber] 60
[script:prz_atmrobber] L'atm a deja était braquer. Merci d'attendre: 0secondes.
[script:prz_atmrobber] 63
[script:prz_atmrobber] L'atm a deja était braquer. Merci d'attendre: -3secondes.
[script:prz_atmrobber] 64
[script:prz_atmrobber] L'atm a deja était braquer. Merci d'attendre: -4secondes.
[script:prz_atmrobber] 65
[script:prz_atmrobber] L'atm a deja était braquer. Merci d'attendre: -5secondes.
[script:prz_atmrobber] 70
[script:prz_atmrobber] L'atm a deja était braquer. Merci d'attendre: -10secondes.
[script:prz_atmrobber] L'atm a deja était braquer. Merci d'attendre: 33secondes.
[ citizen-server-impl] Server list query returned an error: System.Threading.Tasks.TaskCanceledException: A task was canceled. <- System.TimeoutException: A task was canceled. <- System.Threading.Tasks.TaskCanceledException: The request was canceled due to the configured HttpClient.Timeout of 30 seconds elapsing.
[script:prz_atmrobber] L'atm a deja était braquer. Merci d'attendre: 29secondes.
[script:prz_atmrobber] L'atm a deja était braquer. Merci d'attendre: 25secondes.
[script:prz_atmrobber] L'atm a deja était braquer. Merci d'attendre: 22secondes.
[script:prz_atmrobber] L'atm a deja était braquer. Merci d'attendre: 19secondes.
[script:prz_atmrobber] L'atm a deja était braquer. Merci d'attendre: 16secondes.
[script:prz_atmrobber] L'atm a deja était braquer. Merci d'attendre: 12secondes.
[script:prz_atmrobber] L'atm a deja était braquer. Merci d'attendre: 8secondes.
[script:prz_atmrobber] L'atm a deja était braquer. Merci d'attendre: 7secondes.
[script:prz_atmrobber] L'atm a deja était braquer. Merci d'attendre: 4secondes.
[      script:oxmysql] [WARNING] es_extended took 406.0735ms to execute a query!
[      script:oxmysql]     UPDATE `users` SET `accounts` = ?, `job` = ?, `job_grade` = ?, `group` = ?, `position` = ?, `inventory` = ?, `loadout` = ?, `metadata` = ? WHERE `identifier` = ? ["{\"black_money\":0,\"money\":0,\"bank\":60020}","mechanic",0,"admin","{\"z\":29.3304443359375,\"y\":-1035.125244140625,\"x\":146.03077697753907,\"heading\":150.23622131347657}","[{\"name\":\"WEAPON_PISTOL\",\"metadata\":{\"registered\":\"Kevin Miller\",\"durability\":75.00000000000014,\"components\":[],\"serial\":\"288606LKX297025\",\"ammo\":4},\"count\":1,\"slot\":1},{\"name\":\"tablet\",\"count\":1,\"slot\":7},{\"name\":\"carokit\",\"count\":1,\"slot\":8},{\"name\":\"ammo-9\",\"count\":66,\"slot\":16},{\"name\":\"blowpipe\",\"count\":1,\"slot\":6},{\"name\":\"carokit\",\"count\":2,\"slot\":9}]","[]","[]","467826b1f966aed6683f462c40b5cea8ad5b1a22"]
[  script:es_extended] [INFO] Saved 1 player over 0.0 ms
[script:prz_atmrobber] L'atm a deja était braquer. Merci d'attendre: 3secondes.
[script:prz_atmrobber] L'atm a deja était braquer. Merci d'attendre: 0secondes.
[script:prz_atmrobber] L'atm a deja était braquer. Merci d'attendre: -3secondes.
[script:prz_atmrobber] L'atm a deja était braquer. Merci d'attendre: -6secondes.
[script:prz_atmrobber] L'atm a deja était braquer. Merci d'attendre: -15secondes.
[script:prz_atmrobber] L'atm a deja était braquer. Merci d'attendre: -37secondes.
[script:prz_atmrobber] L'atm a deja était braquer. Merci d'attendre: -38secondes.
[script:prz_atmrobber] L'atm a deja était braquer. Merci d'attendre: -38secondes.
[script:prz_atmrobber] L'atm a deja était braquer. Merci d'attendre: -39secondes.
[script:prz_atmrobber] L'atm a deja était braquer. Merci d'attendre: -40secondes.
[script:prz_atmrobber] L'atm a deja était braquer. Merci d'attendre: -41secondes.
[script:prz_atmrobber] L'atm a deja était braquer. Merci d'attendre: -41secondes.
[script:prz_atmrobber] L'atm a deja était braquer. Merci d'attendre: -42secondes.
[script:prz_atmrobber] L'atm a deja était braquer. Merci d'attendre: -43secondes.
[script:prz_atmrobber] L'atm a deja était braquer. Merci d'attendre: -44secondes.
[script:prz_atmrobber] L'atm a deja était braquer. Merci d'attendre: -45secondes.
[script:prz_atmrobber] L'atm a deja était braquer. Merci d'attendre: -46secondes.
[script:prz_atmrobber] L'atm a deja était braquer. Merci d'attendre: -51secondes.
[script:prz_atmrobber] L'atm a deja était braquer. Merci d'attendre: -58secondes.
[script:prz_atmrobber] L'atm a deja était braquer. Merci d'attendre: -59secondes.
[script:prz_atmrobber] L'atm a deja était braquer. Merci d'attendre: -64secondes.
[script:prz_atmrobber] L'atm a deja était braquer. Merci d'attendre: -66secondes.
[script:prz_atmrobber] 1684280087	1684280064
[script:prz_atmrobber] L'atm a deja était braquer. Merci d'attendre: 37secondes.
[script:prz_atmrobber] 1684280088	1684280064
[script:prz_atmrobber] L'atm a deja était braquer. Merci d'attendre: 36secondes.
[script:prz_atmrobber] 1684280089	1684280064
[script:prz_atmrobber] L'atm a deja était braquer. Merci d'attendre: 35secondes.
[script:prz_atmrobber] 1684280090	1684280064
[script:prz_atmrobber] L'atm a deja était braquer. Merci d'attendre: 34secondes.
[script:prz_atmrobber] 1684280090	1684280064
[script:prz_atmrobber] L'atm a deja était braquer. Merci d'attendre: 34secondes.
[script:prz_atmrobber] 1684280091	1684280064
[script:prz_atmrobber] L'atm a deja était braquer. Merci d'attendre: 33secondes.
[script:prz_atmrobber] 1684280093	1684280064
[script:prz_atmrobber] L'atm a deja était braquer. Merci d'attendre: 31secondes.
[script:prz_atmrobber] 1684280094	1684280064
[script:prz_atmrobber] L'atm a deja était braquer. Merci d'attendre: 30secondes.
[ citizen-server-impl] Server list query returned an error: System.Threading.Tasks.TaskCanceledException: A task was canceled. <- System.TimeoutException: A task was canceled. <- System.Threading.Tasks.TaskCanceledException: The request was canceled due to the configured HttpClient.Timeout of 30 seconds elapsing.
[ citizen-server-impl] Server list query returned an error: System.Threading.Tasks.TaskCanceledException: A task was canceled. <- System.TimeoutException: A task was canceled. <- System.Threading.Tasks.TaskCanceledException: The request was canceled due to the configured HttpClient.Timeout of 30 seconds elapsing.
[script:prz_atmrobber] SCRIPT ERROR: @prz_atmrobbery/server/main.lua:41: attempt to compare number with nil
[script:prz_atmrobber] > fn (@prz_atmrobbery/server/main.lua:41)
> txaEvent "serverShuttingDown" "{＂delay＂:5000,＂author＂:＂Diego_Haubois＂,＂message＂:＂Le serveur redémarre (requested by Diego_Haubois).＂}"
[      script:monitor] Server shutdown imminent. Kicking all players.
[  script:es_extended] [0m[INFO] Saved player "Kevin Miller"
[  script:es_extended] [INFO] Saved [36m1 player over 0.0 ms

================================================================
======== FXServer Starting - 17/05/2023, 01:40:12               
================================================================
[    c-scripting-core] Creating script environments for _cfx_internal
[           resources] Scanning resources.
[           resources] Found 44 resources.
[          svadhesive] Authenticating server license key...
[          svadhesive] Server license key authentication succeeded. Welcome!
[    c-scripting-core] Creating script environments for sessionmanager
[           resources] Started resource sessionmanager
[    c-scripting-core] Creating script environments for monitor
[      script:monitor] [txAdminClient] Version 5.2.0 starting...
[           resources] Started resource monitor
[ citizen-server-impl] Could not open logo.png for reading.
[    c-scripting-core] Creating script environments for yarn
[           resources] Started resource yarn
[    c-scripting-core] [97mCreating script environments for webpack
[           resources] Started resource webpack
[    c-scripting-core] Creating script environments for chat
[           resources] [97mStarted resource chat
[    c-scripting-core] [97mCreating script environments for hardcap
[           resources] Started resource hardcap
[    c-scripting-core] Creating script environments for rconlog
[           resources] Started resource rconlog
[    c-scripting-core] Creating script environments for oxmysql
[           resources] Started resource oxmysql
[    c-scripting-core] [97mCreating script environments for ox_lib
[           resources] Started resource ox_lib
[           resources] Started resource spawnmanager
[    c-scripting-core] Creating script environments for es_extended
[           resources] Started resource es_extended
[    c-scripting-core] Creating script environments for ox_target
[           resources] Started resource ox_target
[    c-scripting-core] [0mCreating script environments for ox_inventory
[           resources] [0mStarted resource ox_inventory
[    c-scripting-core] Creating script environments for illenium-appearance
[           resources] Started resource illenium-appearance
[    c-scripting-core] Creating script environments for esx_identity
[           resources] Started resource esx_identity
[    c-scripting-core] Creating script environments for pma-voice
[           resources] Started resource pma-voice
[    c-scripting-core] [0mCreating script environments for esx_context
[           resources] Started resource esx_context
[           resources] Started resource esx_menu_default
[           resources] Started resource esx_menu_dialog
[           resources] [97mStarted resource esx_menu_list
[    c-scripting-core] Creating script environments for esx_notify
[           resources] Started resource esx_notify
[    c-scripting-core] Creating script environments for esx_progressbar
[           resources] Started resource esx_progressbar
[    c-scripting-core] Creating script environments for esx_textui
[           resources] Started resource esx_textui
[    c-scripting-core] Creating script environments for skl_core
[  resources:skl_core] Warning: could not find client_script `client/scripts/**/*.lua` (defined in fxmanifest.lua:18)
[           resources] Started resource skl_core (1 warning)
[    c-scripting-core] Creating script environments for skl_jobs
[           resources] Started resource skl_jobs
[           resources] [0mStarted resource loadscreen_crystal
[    c-scripting-core] [0mCreating script environments for ds-mdt
[           resources] Started resource ds-mdt
[    c-scripting-core] [0mCreating script environments for interact-sound
[           resources] Started resource interact-sound
[    c-scripting-core] Creating script environments for baseevents
[           resources] Started resource baseevents
[    c-scripting-core] Creating script environments for rp-radio
[           resources] Started resource rp-radio
[    c-scripting-core] Creating script environments for ox_doorlock
[           resources] Started resource ox_doorlock
[    c-scripting-core] Creating script environments for ox_fuel
[           resources] Started resource ox_fuel
[resources:LosSantosC] Asset LosSantosCustoms/ajaxon_burton_lsc.ytd uses 45.0 MiB of physical memory.
[resources:LosSantosC] Asset LosSantosCustoms/bt1_02_build.ytd uses 25.1 MiB of physical memory.
[           resources] Started resource LosSantosCustoms (2 warnings)
[resources:cfx-gabz-d] Asset cfx-gabz-davispd/gabz_davispd_txd.ytd uses 18.0 MiB of physical memory.
[resources:cfx-gabz-d] Asset cfx-gabz-davispd/gabz_pdprops01_txd.ytd uses 27.5 MiB of physical memory.
[           resources] Started resource cfx-gabz-davispd (2 warnings)
[           resources] Started resource int_hotdogs
[           resources] Started resource vitrine
[           resources] Started resource vitrine2
[      script:oxmysql] Database server connection established!
[      script:monitor] [97m[txAdminClient] Threads and commands set up. All Ready.
[ script:ox_inventory] SCRIPT ERROR: @ox_inventory/modules/mysql/server.lua:81: ox_inventory was unable to execute a query!
[ script:ox_inventory] Table 'final.owned_vehicles' doesn't exist
[ script:ox_inventory] SHOW COLUMNS FROM `owned_vehicles` []
[ script:ox_inventory] > fn (@ox_inventory/modules/mysql/server.lua:81)
[ script:ox_inventory] > <unknown> (@oxmysql/dist/build.js:21832)
[ script:ox_inventory] > processTicksAndRejections (node:internal/process/task_queues:96)
[ citizen-server-impl]         fff                          
[ citizen-server-impl]   cccc ff   xx  xx     rr rr    eee  
[ citizen-server-impl] cc     ffff   xx       rrr  r ee   e 
[ citizen-server-impl] cc     ff     xx   ... rr     eeeee  
[ citizen-server-impl]  ccccc ff   xx  xx ... rr      eeeee 
[ citizen-server-impl]                                      
[ citizen-server-impl] Authenticated with cfx.re Nucleus: https://diego-haubois-ajevek.users.cfx.re/
[38;5;220m[  script:es_extended] [INFO] ESX Legacy 1.9.4 initialized!
[ script:ox_inventory] [info] Inventory has loaded 222 items
> start prz_atmrobbery
[    c-scripting-core] Creating script environments for prz_atmrobbery
[           resources] Started resource prz_atmrobbery
[       script:ds-mdt] Deleted Expired Warrants0
> restart prz_atmrobbery
[           resources] Stopping resource prz_atmrobbery
[    c-scripting-core] Creating script environments for prz_atmrobbery
[           resources] Started resource prz_atmrobbery
[ citizen-server-impl] Server list query returned an error: System.Net.Sockets.SocketException: Operation timed out <- System.Net.Http.HttpRequestException: Operation timed out (90.105.78.124:30120)
[ citizen-server-main] -> Quitting: SIGHUP received

================================================================
======== FXServer Starting - 17/05/2023, 14:15:54               
================================================================
[    c-scripting-core] Creating script environments for _cfx_internal
[           resources] Scanning resources.
[           resources] Found 44 resources.
[          svadhesive] Authenticating server license key...
[          svadhesive] Server license key authentication succeeded. Welcome!
[    c-scripting-core] Creating script environments for sessionmanager
[           resources] Started resource sessionmanager
[    c-scripting-core] Creating script environments for monitor
[      script:monitor] [txAdminClient] Version 5.2.0 starting...
[           resources] Started resource monitor
[ citizen-server-impl] Could not open logo.png for reading.
[    c-scripting-core] Creating script environments for yarn
[           resources] Started resource yarn
[    c-scripting-core] Creating script environments for webpack
[           resources] Started resource webpack
[    c-scripting-core] Creating script environments for chat
[           resources] Started resource chat
[    c-scripting-core] Creating script environments for hardcap
[           resources] Started resource hardcap
[    c-scripting-core] Creating script environments for rconlog
[           resources] Started resource rconlog
[    c-scripting-core] Creating script environments for oxmysql
[           resources] Started resource oxmysql
[    c-scripting-core] [0mCreating script environments for ox_lib
[           resources] Started resource ox_lib
[           resources] Started resource spawnmanager
[    c-scripting-core] [97mCreating script environments for es_extended
[           resources] Started resource es_extended
[    c-scripting-core] Creating script environments for ox_target
[           resources] Started resource ox_target
[    c-scripting-core] Creating script environments for ox_inventory
[           resources] Started resource ox_inventory
[    c-scripting-core] [97mCreating script environments for illenium-appearance
[           resources] Started resource illenium-appearance
[    c-scripting-core] Creating script environments for esx_identity
[           resources] Started resource esx_identity
[    c-scripting-core] Creating script environments for pma-voice
[           resources] Started resource pma-voice
[    c-scripting-core] [0mCreating script environments for esx_context
[           resources] Started resource esx_context
[           resources] Started resource esx_menu_default
[           resources] Started resource esx_menu_dialog
[           resources] Started resource esx_menu_list
[    c-scripting-core] [97mCreating script environments for esx_notify
[           resources] Started resource esx_notify
[    c-scripting-core] Creating script environments for esx_progressbar
[           resources] Started resource esx_progressbar
[    c-scripting-core] Creating script environments for esx_textui
[           resources] Started resource esx_textui
[    c-scripting-core] Creating script environments for skl_core
[  resources:skl_core] Warning: could not find client_script `client/scripts/**/*.lua` (defined in fxmanifest.lua:18)
[           resources] Started resource skl_core (1 warning)
[    c-scripting-core] Creating script environments for skl_jobs
[           resources] [0mStarted resource skl_jobs
[           resources] Started resource loadscreen_crystal
[    c-scripting-core] Creating script environments for ds-mdt
[           resources] Started resource ds-mdt
[    c-scripting-core] [0mCreating script environments for interact-sound
[           resources] Started resource interact-sound
[    c-scripting-core] Creating script environments for baseevents
[           resources] Started resource baseevents
[    c-scripting-core] Creating script environments for rp-radio
[           resources] Started resource rp-radio
[    c-scripting-core] Creating script environments for ox_doorlock
[           resources] Started resource ox_doorlock
[    c-scripting-core] [0mCreating script environments for ox_fuel
[           resources] Started resource ox_fuel
[resources:LosSantosC] Asset LosSantosCustoms/ajaxon_burton_lsc.ytd uses 45.0 MiB of physical memory.
[resources:LosSantosC] Asset LosSantosCustoms/bt1_02_build.ytd uses 25.1 MiB of physical memory.
[           resources] Started resource LosSantosCustoms (2 warnings)
[resources:cfx-gabz-d] Asset cfx-gabz-davispd/gabz_davispd_txd.ytd uses 18.0 MiB of physical memory.
[resources:cfx-gabz-d] Asset cfx-gabz-davispd/gabz_pdprops01_txd.ytd uses 27.5 MiB of physical memory.
[           resources] Started resource cfx-gabz-davispd (2 warnings)
[           resources] Started resource int_hotdogs
[           resources] Started resource vitrine
[           resources] Started resource vitrine2
[      script:oxmysql] Database server connection established!
[      script:monitor] [txAdminClient] Threads and commands set up. All Ready.
[ script:ox_inventory] SCRIPT ERROR: @ox_inventory/modules/mysql/server.lua:81: ox_inventory was unable to execute a query!
[ script:ox_inventory] Table 'final.owned_vehicles' doesn't exist
[ script:ox_inventory] SHOW COLUMNS FROM `owned_vehicles` []
[ script:ox_inventory] > fn (@ox_inventory/modules/mysql/server.lua:81)
[ script:ox_inventory] > <unknown> (@oxmysql/dist/build.js:21832)
[ script:ox_inventory] > processTicksAndRejections (node:internal/process/task_queues:96)
[ citizen-server-impl]         fff                          
[ citizen-server-impl]   cccc ff   xx  xx     rr rr    eee  
[ citizen-server-impl] cc     ffff   xx       rrr  r ee   e 
[ citizen-server-impl] cc     ff     xx   ... rr     eeeee  
[ citizen-server-impl]  ccccc ff   xx  xx ... rr      eeeee 
[ citizen-server-impl]                                      
[ citizen-server-impl] Authenticated with cfx.re Nucleus: https://diego-haubois-ajevek.users.cfx.re/
[  script:es_extended] [INFO] ESX Legacy 1.9.4 initialized!
[ script:ox_inventory] [info] Inventory has loaded 222 items
[       script:ds-mdt] Deleted Expired Warrants0
[      script:hardcap] Connecting: [OFF 2- 31] - Diego Johnson
[ citizen-server-impl] [91mServer list query returned an error: System.Threading.Tasks.TaskCanceledException: A task was canceled. <- System.TimeoutException: A task was canceled. <- System.Threading.Tasks.TaskCanceledException: The request was canceled due to the configured HttpClient.Timeout of 30 seconds elapsing.
[  script:es_extended] [INFO] Player "Kevin Miller" has connected to the server. ID: 1
[script:prz_atmrobber] 1684325929	1684325910
[script:prz_atmrobber] L'atm a deja était braquer. Merci d'attendre: 41secondes.
[script:prz_atmrobber] 1684325972	1684325910
[script:prz_atmrobber] L'atm a deja était braquer. Merci d'attendre: -2secondes.
[ citizen-server-impl] Server list query returned an error: System.Threading.Tasks.TaskCanceledException: A task was canceled. <- System.TimeoutException: A task was canceled. <- System.Threading.Tasks.TaskCanceledException: The request was canceled due to the configured HttpClient.Timeout of 30 seconds elapsing.
[ citizen-server-impl] Server list query returned an error: System.Threading.Tasks.TaskCanceledException: A task was canceled. <- System.TimeoutException: A task was canceled. <- System.Threading.Tasks.TaskCanceledException: The request was canceled due to the configured HttpClient.Timeout of 30 seconds elapsing.
[ citizen-server-impl] Server list query returned an error: System.Threading.Tasks.TaskCanceledException: A task was canceled. <- System.TimeoutException: A task was canceled. <- System.Threading.Tasks.TaskCanceledException: The request was canceled due to the configured HttpClient.Timeout of 30 seconds elapsing.
[  script:es_extended] [INFO] Saved 1 player over 0.0 ms
[ citizen-server-impl] Server list query returned an error: System.Threading.Tasks.TaskCanceledException: A task was canceled. <- System.TimeoutException: A task was canceled. <- System.Threading.Tasks.TaskCanceledException: The request was canceled due to the configured HttpClient.Timeout of 30 seconds elapsing.
[ citizen-server-impl] Server list query returned an error: System.Threading.Tasks.TaskCanceledException: A task was canceled. <- System.TimeoutException: A task was canceled. <- System.Threading.Tasks.TaskCanceledException: The request was canceled due to the configured HttpClient.Timeout of 30 seconds elapsing.
[script:prz_atmrobber] 32	30000
[script:prz_atmrobber] 33	30000
[script:prz_atmrobber] 36	30000
[script:prz_atmrobber] 39	30000
[script:prz_atmrobber] 64	30000
[script:prz_atmrobber] 77	30000
[script:prz_atmrobber] 148	30000
[ citizen-server-impl] Server list query returned an error: System.Threading.Tasks.TaskCanceledException: A task was canceled. <- System.TimeoutException: A task was canceled. <- System.Threading.Tasks.TaskCanceledException: The request was canceled due to the configured HttpClient.Timeout of 30 seconds elapsing.
[  script:es_extended] [INFO] Saved 1 player over 0.0[0m ms
[ citizen-server-impl] Server list query returned an error: System.Threading.Tasks.TaskCanceledException: A task was canceled. <- System.TimeoutException: A task was canceled. <- System.Threading.Tasks.TaskCanceledException: The request was canceled due to the configured HttpClient.Timeout of 30 seconds elapsing.
[ citizen-server-impl] Server list query returned an error: System.Threading.Tasks.TaskCanceledException: A task was canceled. <- System.TimeoutException: A task was canceled. <- System.Threading.Tasks.TaskCanceledException: The request was canceled due to the configured HttpClient.Timeout of 30 seconds elapsing.
[script:prz_atmrobber] 565	30000
[script:prz_atmrobber] 568	30000
[script:prz_atmrobber] 22	120
[script:prz_atmrobber] 23	120
[script:prz_atmrobber] 24	120
[script:prz_atmrobber] 30	120
[script:prz_atmrobber] 37	120
[script:prz_atmrobber] 38	120
[script:prz_atmrobber] 39	120
[script:prz_atmrobber] 41	120
[script:prz_atmrobber] 42	120
[script:prz_atmrobber] 42	120
[script:prz_atmrobber] 43	120
[script:prz_atmrobber] 44	120
[script:prz_atmrobber] 46	120
[script:prz_atmrobber] 46	120
[script:prz_atmrobber] 47	120
[script:prz_atmrobber] 48	120
[script:prz_atmrobber] 48	120
[script:prz_atmrobber] 50	120
[script:prz_atmrobber] 50	120
[script:prz_atmrobber] 51	120
[script:prz_atmrobber] 52	120
[script:prz_atmrobber] 69	120
[script:prz_atmrobber] 70	120
[script:prz_atmrobber] 71	120
[script:prz_atmrobber] 72	120
[script:prz_atmrobber] 77	120
[script:prz_atmrobber] 78	120
[script:prz_atmrobber] 79	120
[script:prz_atmrobber] 80	120
[script:prz_atmrobber] 80	120
[script:prz_atmrobber] 81	120
[script:prz_atmrobber] 81	120
[script:prz_atmrobber] 82	120
[script:prz_atmrobber] 87	120
[script:prz_atmrobber] 88	120
[script:prz_atmrobber] 89	120
[script:prz_atmrobber] 92	120
[script:prz_atmrobber] 94	120
[script:prz_atmrobber] 95	120
[script:prz_atmrobber] 96	120
[script:prz_atmrobber] 97	120
[script:prz_atmrobber] 98	120
[script:prz_atmrobber] 99	120
[script:prz_atmrobber] 99	120
[script:prz_atmrobber] 100	120
[script:prz_atmrobber] 101	120
[script:prz_atmrobber] 101	120
[script:prz_atmrobber] 102	120
[script:prz_atmrobber] 103	120
[script:prz_atmrobber] 104	120
[script:prz_atmrobber] 105	120
[script:prz_atmrobber] 106	120
[script:prz_atmrobber] 106	120
[script:prz_atmrobber] [0m107	120
[script:prz_atmrobber] 108	120
[script:prz_atmrobber] 109	120
[script:prz_atmrobber] 109	120
[script:prz_atmrobber] 111	120
[script:prz_atmrobber] 112	120
[script:prz_atmrobber] 112	120
[script:prz_atmrobber] 113	120
[script:prz_atmrobber] 114	120
[script:prz_atmrobber] 115	120
[script:prz_atmrobber] 116	120
[script:prz_atmrobber] 117	120
[script:prz_atmrobber] 118	120
[script:prz_atmrobber] 119	120
[script:prz_atmrobber] 120	120
[script:prz_atmrobber] Le temps limite est écoulé!
[script:prz_atmrobber] 120	120
[script:prz_atmrobber] Le temps limite est écoulé!
[script:prz_atmrobber] 122	120
[script:prz_atmrobber] Le temps limite est écoulé!
[script:prz_atmrobber] 123	120
[script:prz_atmrobber] Le temps limite est écoulé!
[ citizen-server-impl] Server list query returned an error: System.Threading.Tasks.TaskCanceledException: A task was canceled. <- System.TimeoutException: A task was canceled. <- System.Threading.Tasks.TaskCanceledException: The request was canceled due to the configured HttpClient.Timeout of 30 seconds elapsing.
[  script:es_extended] [INFO] Saved 1 player over 0.0 ms
[ citizen-server-impl] Server list query returned an error: System.Threading.Tasks.TaskCanceledException: A task was canceled. <- System.TimeoutException: A task was canceled. <- System.Threading.Tasks.TaskCanceledException: The request was canceled due to the configured HttpClient.Timeout of 30 seconds elapsing.
[script:prz_atmrobber] 375	120
[script:prz_atmrobber] Le temps limite est écoulé!
[script:prz_atmrobber] 376	120
[script:prz_atmrobber] Le temps limite est écoulé!
[ citizen-server-impl] Server list query returned an error: System.Threading.Tasks.TaskCanceledException: A task was canceled. <- System.TimeoutException: A task was canceled. <- System.Threading.Tasks.TaskCanceledException: The request was canceled due to the configured HttpClient.Timeout of 30 seconds elapsing.
[script:prz_atmrobber] 77	120
[script:prz_atmrobber] 78	120
[script:prz_atmrobber] 79	120
[script:prz_atmrobber] 79	120
[script:prz_atmrobber] 80	120
[script:prz_atmrobber] 81	120
[script:prz_atmrobber] 81	120
[script:prz_atmrobber] 82	120
[script:prz_atmrobber] 85	120
[script:prz_atmrobber] [0m86	120
[script:prz_atmrobber] 87	120
[script:prz_atmrobber] 87	120
[script:prz_atmrobber] 88	120
[script:prz_atmrobber] 89	120
[script:prz_atmrobber] 89	120
[script:prz_atmrobber] 90	120
[script:prz_atmrobber] 101	120
[script:prz_atmrobber] 104	120
[script:prz_atmrobber] 105	120
[script:prz_atmrobber] 106	120
[script:prz_atmrobber] 106	120
[script:prz_atmrobber] 107	120
[script:prz_atmrobber] 107	120
[script:prz_atmrobber] 108	120
[script:prz_atmrobber] 108	120
[script:prz_atmrobber] 109	120
[script:prz_atmrobber] 110	120
[script:prz_atmrobber] 110	120
[script:prz_atmrobber] 111	120
[script:prz_atmrobber] 111	120
[script:prz_atmrobber] 112	120
[script:prz_atmrobber] 112	120
[script:prz_atmrobber] 113	120
[script:prz_atmrobber] 114	120
[script:prz_atmrobber] 114	120
[script:prz_atmrobber] 115	120
[script:prz_atmrobber] 116	120
[script:prz_atmrobber] 117	120
[script:prz_atmrobber] 118	120
[script:prz_atmrobber] 118	120
[script:prz_atmrobber] 119	120
[script:prz_atmrobber] 121	120
[ citizen-server-impl] sync thread hitch warning: timer interval of 111 milliseconds
[ citizen-server-impl] Server list query returned an error: System.Threading.Tasks.TaskCanceledException: A task was canceled. <- System.TimeoutException: A task was canceled. <- System.Threading.Tasks.TaskCanceledException: The request was canceled due to the configured HttpClient.Timeout of 30 seconds elapsing.
[script:prz_atmrobber] SCRIPT ERROR: @prz_atmrobbery/server/main.lua:33: attempt to perform arithmetic on a nil value (global 'tempsLimite')[0m
[script:prz_atmrobber] > CheckTime (@prz_atmrobbery/server/main.lua:33)
[script:prz_atmrobber] > ref (@prz_atmrobbery/server/main.lua:7)
[script:prz_atmrobber] > handler (@es_extended/server/modules/callback.lua:19)
[  script:es_extended] SCRIPT ERROR: error object is not a string
[script:prz_atmrobber] SCRIPT ERROR: @prz_atmrobbery/server/main.lua:33: attempt to call a nil value (field 'ShowNotification')
[script:prz_atmrobber] > CheckTime (@prz_atmrobbery/server/main.lua:33)
[script:prz_atmrobber] > ref (@prz_atmrobbery/server/main.lua:7)
[script:prz_atmrobber] > handler (@es_extended/server/modules/callback.lua:19)
[  script:es_extended] SCRIPT ERROR: error object is not a string
[script:prz_atmrobber] SCRIPT ERROR: @prz_atmrobbery/server/main.lua:33: attempt to call a nil value (field 'ShowNotification')
[script:prz_atmrobber] > CheckTime (@prz_atmrobbery/server/main.lua:33)
[script:prz_atmrobber] > ref (@prz_atmrobbery/server/main.lua:7)
[script:prz_atmrobber] > handler (@es_extended/server/modules/callback.lua:19)
[  script:es_extended] SCRIPT ERROR: error object is not a string
[ citizen-server-impl] Server list query returned an error: System.Threading.Tasks.TaskCanceledException: A task was canceled. <- System.TimeoutException: A task was canceled. <- System.Threading.Tasks.TaskCanceledException: The request was canceled due to the configured HttpClient.Timeout of 30 seconds elapsing.
[  script:es_extended] [INFO] Saved 1 player over 0.0 ms
[ citizen-server-impl] Server list query returned an error: System.Threading.Tasks.TaskCanceledException: A task was canceled. <- System.TimeoutException: A task was canceled. <- System.Threading.Tasks.TaskCanceledException: The request was canceled due to the configured HttpClient.Timeout of 30 seconds elapsing.
[ citizen-server-impl] Server list query returned an error: System.Threading.Tasks.TaskCanceledException: A task was canceled. <- System.TimeoutException: A task was canceled. <- System.Threading.Tasks.TaskCanceledException: The request was canceled due to the configured HttpClient.Timeout of 30 seconds elapsing.
[ citizen-server-impl] Server list query returned an error: System.Threading.Tasks.TaskCanceledException: A task was canceled. <- System.TimeoutException: A task was canceled. <- System.Threading.Tasks.TaskCanceledException: The request was canceled due to the configured HttpClient.Timeout of 30 seconds elapsing.
[  script:es_extended] [INFO] Saved 1 player over 0.0 ms
[ citizen-server-impl] Server list query returned an error: System.Threading.Tasks.TaskCanceledException: A task was canceled. <- System.TimeoutException: A task was canceled. <- System.Threading.Tasks.TaskCanceledException: The request was canceled due to the configured HttpClient.Timeout of 30 seconds elapsing.
[ citizen-server-impl] Server list query returned an error: System.Threading.Tasks.TaskCanceledException: A task was canceled. <- System.TimeoutException: A task was canceled. <- System.Threading.Tasks.TaskCanceledException: The request was canceled due to the configured HttpClient.Timeout of 30 seconds elapsing.
[ citizen-server-impl] Server list query returned an error: System.Threading.Tasks.TaskCanceledException: A task was canceled. <- System.TimeoutException: A task was canceled. <- System.Threading.Tasks.TaskCanceledException: The request was canceled due to the configured HttpClient.Timeout of 30 seconds elapsing.
[  script:es_extended] [INFO] Saved 1 player over 0.0 ms
[ citizen-server-impl] Server list query returned an error: System.Threading.Tasks.TaskCanceledException: A task was canceled. <- System.TimeoutException: A task was canceled. <- System.Threading.Tasks.TaskCanceledException: The request was canceled due to the configured HttpClient.Timeout of 30 seconds elapsing.
[ citizen-server-impl] Server list query returned an error: System.Threading.Tasks.TaskCanceledException: A task was canceled. <- System.TimeoutException: A task was canceled. <- System.Threading.Tasks.TaskCanceledException: The request was canceled due to the configured HttpClient.Timeout of 30 seconds elapsing.
[ citizen-server-impl] Server list query returned an error: System.Threading.Tasks.TaskCanceledException: A task was canceled. <- System.TimeoutException: A task was canceled. <- System.Threading.Tasks.TaskCanceledException: The request was canceled due to the configured HttpClient.Timeout of 30 seconds elapsing.
[  script:es_extended] [INFO] Saved player "Kevin Miller"
[ citizen-server-impl] Server list query returned an error: System.Threading.Tasks.TaskCanceledException: A task was canceled. <- System.TimeoutException: A task was canceled. <- System.Threading.Tasks.TaskCanceledException: The request was canceled due to the configured HttpClient.Timeout of 30 seconds elapsing.
[      script:hardcap] Connecting: [OFF 2- 31] - Diego Johnson
[ citizen-server-impl] Server list query returned an error: System.Threading.Tasks.TaskCanceledException: A task was canceled. <- System.TimeoutException: A task was canceled. <- System.Threading.Tasks.TaskCanceledException: The request was canceled due to the configured HttpClient.Timeout of 30 seconds elapsing.
[  script:es_extended] [INFO] Player "Kevin Miller" has connected to the server. ID: 2
[  script:es_extended] [INFO] Saved 1 player over 0.0 ms
[ citizen-server-impl] Server list query returned an error: System.Threading.Tasks.TaskCanceledException: A task was canceled. <- System.TimeoutException: A task was canceled. <- System.Threading.Tasks.TaskCanceledException: The request was canceled due to the configured HttpClient.Timeout of 30 seconds elapsing.
[ citizen-server-impl] Server list query returned an error: System.Threading.Tasks.TaskCanceledException: A task was canceled. <- System.TimeoutException: A task was canceled. <- System.Threading.Tasks.TaskCanceledException: The request was canceled due to the configured HttpClient.Timeout of 30 seconds elapsing.
[ citizen-server-impl] Server list query returned an error: System.Threading.Tasks.TaskCanceledException: A task was canceled. <- System.TimeoutException: A task was canceled. <- System.Threading.Tasks.TaskCanceledException: The request was canceled due to the configured HttpClient.Timeout of 30 seconds elapsing.
[  script:es_extended] [INFO] Saved 1 player over 0.0 ms
[ citizen-server-impl] Server list query returned an error: System.Threading.Tasks.TaskCanceledException: A task was canceled. <- System.TimeoutException: A task was canceled. <- System.Threading.Tasks.TaskCanceledException: The request was canceled due to the configured HttpClient.Timeout of 30 seconds elapsing.
[ citizen-server-impl] Server list query returned an error: System.Threading.Tasks.TaskCanceledException: A task was canceled. <- System.TimeoutException: A task was canceled. <- System.Threading.Tasks.TaskCanceledException: The request was canceled due to the configured HttpClient.Timeout of 30 seconds elapsing.
[ citizen-server-impl] [0mServer list query returned an error: System.Threading.Tasks.TaskCanceledException: A task was canceled. <- System.TimeoutException: A task was canceled. <- System.Threading.Tasks.TaskCanceledException: The request was canceled due to the configured HttpClient.Timeout of 30 seconds elapsing.
[ citizen-server-impl] Server list query returned an error: System.Threading.Tasks.TaskCanceledException: A task was canceled. <- System.TimeoutException: A task was canceled. <- System.Threading.Tasks.TaskCanceledException: The request was canceled due to the configured HttpClient.Timeout of 30 seconds elapsing.
[  script:es_extended] [INFO] Saved 1 player over 0.0 ms
[ citizen-server-impl] Server list query returned an error: System.Threading.Tasks.TaskCanceledException: A task was canceled. <- System.TimeoutException: A task was canceled. <- System.Threading.Tasks.TaskCanceledException: The request was canceled due to the configured HttpClient.Timeout of 30 seconds elapsing.
[script:prz_atmrobber] SCRIPT ERROR: @prz_atmrobbery/server/main.lua:23: attempt to get length of a nil value (global 'xPlayers')
[script:prz_atmrobber] > handler ([36m@prz_atmrobbery/server/main.lua:23)
[ citizen-server-impl] Server list query returned an error: System.Threading.Tasks.TaskCanceledException: A task was canceled. <- System.TimeoutException: A task was canceled. <- System.Threading.Tasks.TaskCanceledException: The request was canceled due to the configured HttpClient.Timeout of 30 seconds elapsing.
[ citizen-server-impl] Server list query returned an error: System.Threading.Tasks.TaskCanceledException: A task was canceled. <- System.TimeoutException: A task was canceled. <- System.Threading.Tasks.TaskCanceledException: The request was canceled due to the configured HttpClient.Timeout of 30 seconds elapsing.
[  script:es_extended] [INFO[0m] Saved 1 player over 0.0 ms
[ citizen-server-impl] Server list query returned an error: System.Threading.Tasks.TaskCanceledException: A task was canceled. <- System.TimeoutException: A task was canceled. <- System.Threading.Tasks.TaskCanceledException: The request was canceled due to the configured HttpClient.Timeout of 30 seconds elapsing.
[script:prz_atmrobber] SCRIPT ERROR: @prz_atmrobbery/server/main.lua:39: attempt to index a nil value (local 'xPlayer')
[script:prz_atmrobber] SCRIPT ERROR: @prz_atmrobbery/server/main.lua:39: attempt to index a nil value (local 'xPlayer')
[script:prz_atmrobber] SCRIPT ERROR: @prz_atmrobbery/server/main.lua:40: attempt to index a nil value (local 'xPlayer')
[ citizen-server-impl] Server list query returned an error: System.Threading.Tasks.TaskCanceledException: A task was canceled. <- System.TimeoutException: A task was canceled. <- System.Threading.Tasks.TaskCanceledException: The request was canceled due to the configured HttpClient.Timeout of 30 seconds elapsing.
[ citizen-server-impl] Server list query returned an error: System.Threading.Tasks.TaskCanceledException: A task was canceled. <- System.TimeoutException: A task was canceled. <- System.Threading.Tasks.TaskCanceledException: The request was canceled due to the configured HttpClient.Timeout of 30 seconds elapsing.
[      script:oxmysql] [WARNING] es_extended took 408.7572ms to execute a query!
[      script:oxmysql]     UPDATE `users` SET `accounts` = ?, `job` = ?, `job_grade` = ?, `group` = ?, `position` = ?, `inventory` = ?, `loadout` = ?, `metadata` = ? WHERE `identifier` = ? ["{\"black_money\":29735,\"bank\":60588,\"money\":0}","unemployed",0,"admin","{\"heading\":161.57479858398438,\"z\":29.3304443359375,\"y\":-1035.217529296875,\"x\":146.00439453125}","[{\"name\":\"WEAPON_PISTOL\",\"count\":1,\"metadata\":{\"registered\":\"Kevin Miller\",\"serial\":\"288606LKX297025\",\"components\":[],\"durability\":75.00000000000014,\"ammo\":4},\"slot\":1},{\"name\":\"black_money\",\"count\":29735,\"slot\":2},{\"name\":\"blowpipe\",\"count\":1,\"slot\":6},{\"name\":\"tablet\",\"count\":1,\"slot\":7},{\"name\":\"carokit\",\"count\":1,\"slot\":8},{\"name\":\"ammo-9\",\"count\":66,\"slot\":16},{\"name\":\"carokit\",\"count\":2,\"slot\":9}]","[]","[]","467826b1f966aed6683f462c40b5cea8ad5b1a22"]
[  script:es_extended] [INFO] Saved 1 player over 0.0 ms
[ citizen-server-impl] Server list query returned an error: System.Threading.Tasks.TaskCanceledException: A task was canceled. <- System.TimeoutException: A task was canceled. <- System.Threading.Tasks.TaskCanceledException: The request was canceled due to the configured HttpClient.Timeout of 30 seconds elapsing.
[ citizen-server-impl] Server list query returned an error: System.Threading.Tasks.TaskCanceledException: A task was canceled. <- System.TimeoutException: A task was canceled. <- System.Threading.Tasks.TaskCanceledException: The request was canceled due to the configured HttpClient.Timeout of 30 seconds elapsing.
[  script:es_extended] [INFO] Saved player "Kevin Miller"
[ citizen-server-impl] Server list query returned an error: System.Threading.Tasks.TaskCanceledException: A task was canceled. <- System.TimeoutException: A task was canceled. <- System.Threading.Tasks.TaskCanceledException: The request was canceled due to the configured HttpClient.Timeout of 30 seconds elapsing.
[ citizen-server-impl] Server list query returned an error: System.Threading.Tasks.TaskCanceledException: A task was canceled. <- System.TimeoutException: A task was canceled. <- System.Threading.Tasks.TaskCanceledException: The request was canceled due to the configured HttpClient.Timeout of 30 seconds elapsing.
[ citizen-server-impl] Server list query returned an error: System.Threading.Tasks.TaskCanceledException: A task was canceled. <- System.TimeoutException: A task was canceled. <- System.Threading.Tasks.TaskCanceledException: The request was canceled due to the configured HttpClient.Timeout of 30 seconds elapsing.
[ citizen-server-main] -> Quitting: SIGHUP received

================================================================
======== FXServer Starting - 17/05/2023, 23:02:35               
================================================================
[    c-scripting-core] Creating script environments for _cfx_internal
[           resources] Scanning resources.
[           resources] Found 41 resources.
[          svadhesive] Authenticating server license key...
[          svadhesive] Server license key authentication succeeded. Welcome!
[    c-scripting-core] Creating script environments for sessionmanager
[           resources] Started resource sessionmanager
[    c-scripting-core] Creating script environments for monitor
[      script:monitor] [txAdminClient] Version 5.2.0 starting...
[           resources] Started resource monitor
[ citizen-server-impl] Could not open logo.png for reading.
[    c-scripting-core] Creating script environments for yarn
[           resources] Started resource yarn
[    c-scripting-core] Creating script environments for webpack
[           resources] Started resource webpack
[    c-scripting-core] Creating script environments for chat
[           resources] Started resource chat
[    c-scripting-core] Creating script environments for hardcap
[           resources] Started resource hardcap
[    c-scripting-core] Creating script environments for rconlog
[           resources] Started resource rconlog
[    c-scripting-core] Creating script environments for oxmysql
[           resources] Started resource oxmysql
[    c-scripting-core] Creating script environments for ox_lib
[           resources] Started resource ox_lib
[           resources] Started resource spawnmanager
[    c-scripting-core] Creating script environments for es_extended
[           resources] Started resource es_extended
[    c-scripting-core] Creating script environments for ox_target
[           resources] Started resource ox_target
[    c-scripting-core] [97mCreating script environments for ox_inventory
[           resources] Started resource ox_inventory
[    c-scripting-core] Creating script environments for illenium-appearance
[           resources] Started resource illenium-appearance
[    c-scripting-core] [97mCreating script environments for esx_identity
[           resources] Started resource esx_identity
[    c-scripting-core] [0mCreating script environments for pma-voice
[           resources] Started resource pma-voice
[    c-scripting-core] Creating script environments for esx_context
[           resources] Started resource esx_context
[           resources] Started resource esx_menu_default
[           resources] Started resource esx_menu_dialog
[           resources] Started resource esx_menu_list
[    c-scripting-core] [0mCreating script environments for esx_notify
[           resources] Started resource esx_notify
[    c-scripting-core] Creating script environments for esx_progressbar
[           resources] Started resource esx_progressbar
[    c-scripting-core] Creating script environments for esx_textui
[           resources] Started resource esx_textui
[    c-scripting-core] Creating script environments for skl_core
[  resources:skl_core] Warning: could not find client_script `client/scripts/**/*.lua` (defined in fxmanifest.lua:18)
[           resources] Started resource skl_core (1 warning)
[    c-scripting-core] Creating script environments for skl_jobs
[           resources] Started resource skl_jobs
[           resources] Started resource loadscreen_crystal
[    c-scripting-core] Creating script environments for ds-mdt
[           resources] Started resource ds-mdt
[    c-scripting-core] Creating script environments for interact-sound
[           resources] Started resource interact-sound
[    c-scripting-core] Creating script environments for baseevents
[           resources] Started resource baseevents
[    c-scripting-core] Creating script environments for rp-radio
[           resources] Started resource rp-radio
[    c-scripting-core] Creating script environments for ox_doorlock
[           resources] Started resource ox_doorlock
[    c-scripting-core] Creating script environments for ox_fuel
[           resources] Started resource ox_fuel
[resources:LosSantosC] Asset LosSantosCustoms/ajaxon_burton_lsc.ytd uses 45.0 MiB of physical memory.
[resources:LosSantosC] Asset LosSantosCustoms/bt1_02_build.ytd uses 25.1 MiB of physical memory.
[           resources] Started resource LosSantosCustoms (2 warnings)
[resources:cfx-gabz-d] Asset cfx-gabz-davispd/gabz_davispd_txd.ytd uses 18.0 MiB of physical memory.
[resources:cfx-gabz-d] Asset cfx-gabz-davispd/gabz_pdprops01_txd.ytd uses 27.5 MiB of physical memory.
[           resources] Started resource cfx-gabz-davispd (2 warnings)
[           resources] Started resource int_hotdogs
[           resources] Started resource vitrine
[           resources] Started resource vitrine2
[      script:oxmysql] Database server connection established!
[      script:monitor] [txAdminClient] Threads and commands set up. All Ready.
[ script:ox_inventory] SCRIPT ERROR: @ox_inventory/modules/mysql/server.lua:81: ox_inventory was unable to execute a query!
[ script:ox_inventory] Table 'final.owned_vehicles' doesn't exist
[ script:ox_inventory] SHOW COLUMNS FROM `owned_vehicles` []
[ script:ox_inventory] > fn (@ox_inventory/modules/mysql/server.lua:81)
[ script:ox_inventory] > <unknown> (@oxmysql/dist/build.js:21832)
[ script:ox_inventory] > processTicksAndRejections (node:internal/process/task_queues:96)
[ citizen-server-impl]         fff                          
[ citizen-server-impl]   cccc ff   xx  xx     rr rr    eee  
[ citizen-server-impl] cc     ffff   xx       rrr  r ee   e 
[ citizen-server-impl] cc     ff     xx   ... rr     eeeee  
[ citizen-server-impl]  ccccc ff   xx  xx ... rr      eeeee 
[ citizen-server-impl]                                      
[ citizen-server-impl] Authenticated with cfx.re Nucleus: https://diego-haubois-ajevek.users.cfx.re/
[  script:es_extended] [INFO] ESX Legacy 1.9.4 initialized!
[ script:ox_inventory] [info] Inventory has loaded 222 items
[       script:ds-mdt] Deleted Expired Warrants0
[      script:hardcap] Connecting: [OFF 2- 31] - Diego Johnson
[ citizen-server-impl] Server list query returned an error: System.Threading.Tasks.TaskCanceledException: A task was canceled. <- System.TimeoutException: A task was canceled. <- System.Threading.Tasks.TaskCanceledException: The request was canceled due to the configured HttpClient.Timeout of 30 seconds elapsing.
[  script:es_extended] [INFO] Player "Kevin Miller" has connected to the server. ID: 1
[ citizen-server-impl] Server list query returned an error: System.Net.Sockets.SocketException: Operation timed out <- System.Net.Http.HttpRequestException: Operation timed out (90.105.78.124:30120)
[ citizen-server-impl] Server list query returned an error: System.Threading.Tasks.TaskCanceledException: A task was canceled. <- System.TimeoutException: A task was canceled. <- System.Threading.Tasks.TaskCanceledException: The request was canceled due to the configured HttpClient.Timeout of 30 seconds elapsing.
[      script:oxmysql] [WARNING] es_extended took 451.2553ms to execute a query!
[      script:oxmysql]     UPDATE `users` SET `accounts` = ?, `job` = ?, `job_grade` = ?, `group` = ?, `position` = ?, `inventory` = ?, `loadout` = ?, `metadata` = ? WHERE `identifier` = ? ["{\"black_money\":11716,\"money\":0,\"bank\":60988}","unemployed",0,"admin","{\"z\":38.7325439453125,\"y\":-132.46153259277345,\"x\":-333.1911926269531,\"heading\":0.0}","[{\"metadata\":{\"serial\":\"288606LKX297025\",\"components\":[],\"ammo\":4,\"registered\":\"Kevin Miller\",\"durability\":75.00000000000014},\"slot\":1,\"count\":1,\"name\":\"WEAPON_PISTOL\"},{\"slot\":2,\"count\":11716,\"name\":\"black_money\"},{\"slot\":6,\"count\":1,\"name\":\"blowpipe\"},{\"slot\":7,\"count\":1,\"name\":\"tablet\"},{\"slot\":8,\"count\":1,\"name\":\"carokit\"},{\"slot\":16,\"count\":66,\"name\":\"ammo-9\"},{\"slot\":9,\"count\":2,\"name\":\"carokit\"}]","[]","[]","467826b1f966aed6683f462c40b5cea8ad5b1a22"]
[  script:es_extended] [INFO] Saved 1 player over 0.0 ms
[ citizen-server-impl] Server list query returned an error: System.Threading.Tasks.TaskCanceledException: A task was canceled. <- System.TimeoutException: A task was canceled. <- System.Threading.Tasks.TaskCanceledException: The request was canceled due to the configured HttpClient.Timeout of 30 seconds elapsing.
[     script:skl_jobs] tg
[ citizen-server-impl] Server list query returned an error: System.Threading.Tasks.TaskCanceledException: A task was canceled. <- System.TimeoutException: A task was canceled. <- System.Threading.Tasks.TaskCanceledException: The request was canceled due to the configured HttpClient.Timeout of 30 seconds elapsing.
[ citizen-server-impl] Server list query returned an error: System.Threading.Tasks.TaskCanceledException: A task was canceled. <- System.TimeoutException: A task was canceled. <- System.Threading.Tasks.TaskCanceledException: The request was canceled due to the configured HttpClient.Timeout of 30 seconds elapsing.
[ citizen-server-impl] Server list query returned an error: System.Threading.Tasks.TaskCanceledException: A task was canceled. <- System.TimeoutException: A task was canceled. <- System.Threading.Tasks.TaskCanceledException: The request was canceled due to the configured HttpClient.Timeout of 30 seconds elapsing.
[  script:es_extended] [INFO] Saved player "Kevin Miller"
[ citizen-server-impl] [0mServer list query returned an error: System.Threading.Tasks.TaskCanceledException: A task was canceled. <- System.TimeoutException: A task was canceled. <- System.Threading.Tasks.TaskCanceledException: The request was canceled due to the configured HttpClient.Timeout of 30 seconds elapsing.
[ citizen-server-main] -> Quitting: SIGHUP received
