
================================================================
======== Log Rotated - 16/05/2023, 00:00:00                     
================================================================
[00:18:08] txAdmin: Logger started
[00:18:28] [xJdGQ#1] [OFF 2- 31] - Diego Johnson: joined with identifiers [license:467826b1f966aed6683f462c40b5cea8ad5b1a22; xbl:2535442352688533; live:985155285470805; discord:1082017526298447962; fivem:9772179; license2:467826b1f966aed6683f462c40b5cea8ad5b1a22]
[01:07:09] [xJdGQ#1] [OFF 2- 31] - Diego Johnson: disconnected (Exiting)
[01:07:26] txAdmin: Logger started
[01:07:32] [tzPrX#1] [OFF 2- 31] - Diego Johnson: joined with identifiers [license:467826b1f966aed6683f462c40b5cea8ad5b1a22; xbl:2535442352688533; live:985155285470805; discord:1082017526298447962; fivem:9772179; license2:467826b1f966aed6683f462c40b5cea8ad5b1a22]
[01:39:51] [tzPrX#1] [OFF 2- 31] - Diego Johnson: said "/repare1"
[01:45:29] [tzPrX#1] [OFF 2- 31] - Diego Johnson: disconnected (Exiting)
[01:45:39] [tzPrX#2] [OFF 2- 31] - Diego Johnson: joined with identifiers [license:467826b1f966aed6683f462c40b5cea8ad5b1a22; xbl:2535442352688533; live:985155285470805; discord:1082017526298447962; fivem:9772179; license2:467826b1f966aed6683f462c40b5cea8ad5b1a22]
[02:00:10] [tzPrX#2] [OFF 2- 31] - Diego Johnson: disconnected (Exiting)

================================================================
======== txAdmin Starting - 16/05/2023, 09:05:37                
================================================================
[09:05:50] txAdmin: Logger started
[09:06:53] [iR9pF#1] [OFF 2- 31] - Diego Johnson: joined with identifiers [license:467826b1f966aed6683f462c40b5cea8ad5b1a22; xbl:2535442352688533; live:985155285470805; discord:1082017526298447962; fivem:9772179; license2:467826b1f966aed6683f462c40b5cea8ad5b1a22]
[12:19:41] [iR9pF#1] [OFF 2- 31] - Diego Johnson: disconnected (Exiting)

================================================================
======== txAdmin Starting - 16/05/2023, 15:32:07                
================================================================
[15:32:25] txAdmin: Logger started
[15:33:30] [akjc8#1] [OFF 2- 31] - Diego Johnson: joined with identifiers [license:467826b1f966aed6683f462c40b5cea8ad5b1a22; xbl:2535442352688533; live:985155285470805; discord:1082017526298447962; fivem:9772179; license2:467826b1f966aed6683f462c40b5cea8ad5b1a22]
[15:41:57] [akjc8#1] [OFF 2- 31] - Diego Johnson: disconnected (Exiting)
[15:42:10] txAdmin: Logger started
[15:42:24] [UcUcr#1] [OFF 2- 31] - Diego Johnson: joined with identifiers [license:467826b1f966aed6683f462c40b5cea8ad5b1a22; xbl:2535442352688533; live:985155285470805; discord:1082017526298447962; fivem:9772179; license2:467826b1f966aed6683f462c40b5cea8ad5b1a22]
[15:48:16] [UcUcr#1] [OFF 2- 31] - Diego Johnson: died from suicide (Falling)
[15:48:18] [UcUcr#1] [OFF 2- 31] - Diego Johnson: said "/revive"
[15:48:19] [UcUcr#1] [OFF 2- 31] - Diego Johnson: disconnected (Exiting)
[15:48:31] [UcUcr#2] [OFF 2- 31] - Diego Johnson: joined with identifiers [license:467826b1f966aed6683f462c40b5cea8ad5b1a22; xbl:2535442352688533; live:985155285470805; discord:1082017526298447962; fivem:9772179; license2:467826b1f966aed6683f462c40b5cea8ad5b1a22]
[15:57:06] [UcUcr#2] [OFF 2- 31] - Diego Johnson: disconnected (Exiting)
[17:31:03] [UcUcr#3] [OFF 2- 31] - Diego Johnson: joined with identifiers [license:467826b1f966aed6683f462c40b5cea8ad5b1a22; xbl:2535442352688533; live:985155285470805; discord:1082017526298447962; fivem:9772179; license2:467826b1f966aed6683f462c40b5cea8ad5b1a22]
[17:39:44] [UcUcr#3] [OFF 2- 31] - Diego Johnson: disconnected (Exiting)
[18:19:45] [UcUcr#4] [OFF 2- 31] - Diego Johnson: joined with identifiers [license:467826b1f966aed6683f462c40b5cea8ad5b1a22; xbl:2535442352688533; live:985155285470805; discord:1082017526298447962; fivem:9772179; license2:467826b1f966aed6683f462c40b5cea8ad5b1a22]
[18:43:50] [UcUcr#4] [OFF 2- 31] - Diego Johnson: disconnected (Couldn't load resource prz_atmrobbery: Couldn't load resource prz_atmrobbery from resources:/prz_atm)
[18:44:21] txAdmin: Logger started
[18:44:25] [7HVeW#1] [OFF 2- 31] - Diego Johnson: joined with identifiers [license:467826b1f966aed6683f462c40b5cea8ad5b1a22; xbl:2535442352688533; live:985155285470805; discord:1082017526298447962; fivem:9772179; license2:467826b1f966aed6683f462c40b5cea8ad5b1a22]
[19:42:07] [7HVeW#1] [OFF 2- 31] - Diego Johnson: disconnected (Exiting)

================================================================
======== txAdmin Starting - 16/05/2023, 20:29:26                
================================================================
[20:29:39] txAdmin: Logger started
[20:30:30] [t44PT#1] [OFF 2- 31] - Diego Johnson: joined with identifiers [license:467826b1f966aed6683f462c40b5cea8ad5b1a22; xbl:2535442352688533; live:985155285470805; discord:1082017526298447962; fivem:9772179; license2:467826b1f966aed6683f462c40b5cea8ad5b1a22]

================================================================
======== txAdmin Starting - 16/05/2023, 21:42:40                
================================================================
[21:42:52] txAdmin: Logger started
[22:56:09] [cYw9h#1] [OFF 2- 31] - Diego Johnson: joined with identifiers [license:467826b1f966aed6683f462c40b5cea8ad5b1a22; xbl:2535442352688533; live:985155285470805; discord:1082017526298447962; fivem:9772179; license2:467826b1f966aed6683f462c40b5cea8ad5b1a22]
