
================================================================
======== Log Rotated - 17/05/2023, 00:00:00                     
================================================================
[00:31:33] [cYw9h#1] [OFF 2- 31] - Diego Johnson: said "/*"
[00:31:34] [cYw9h#1] [OFF 2- 31] - Diego Johnson: said "/*"
[01:40:05] [cYw9h#1] [OFF 2- 31] - Diego Johnson: disconnected ([txAdmin] Le serveur redémarre (requested by Diego_Haubois).)
[01:40:14] txAdmin: Logger started

================================================================
======== txAdmin Starting - 17/05/2023, 14:15:52                
================================================================
[14:16:03] txAdmin: Logger started
[14:16:45] [QFyHB#1] [OFF 2- 31] - Diego Johnson: joined with identifiers [license:467826b1f966aed6683f462c40b5cea8ad5b1a22; xbl:2535442352688533; live:985155285470805; discord:1082017526298447962; fivem:9772179; license2:467826b1f966aed6683f462c40b5cea8ad5b1a22]
[15:23:36] [QFyHB#1] [OFF 2- 31] - Diego Johnson: disconnected (Exiting)
[15:23:57] [QFyHB#2] [OFF 2- 31] - Diego Johnson: joined with identifiers [license:467826b1f966aed6683f462c40b5cea8ad5b1a22; xbl:2535442352688533; live:985155285470805; discord:1082017526298447962; fivem:9772179; license2:467826b1f966aed6683f462c40b5cea8ad5b1a22]
[16:10:15] [QFyHB#2] [OFF 2- 31] - Diego Johnson: said "/uit"
[16:10:15] [QFyHB#2] [OFF 2- 31] - Diego Johnson: disconnected (Exiting)

================================================================
======== txAdmin Starting - 17/05/2023, 23:02:33                
================================================================
[23:02:47] txAdmin: Logger started
[23:04:13] [QdUnt#1] [OFF 2- 31] - Diego Johnson: joined with identifiers [license:467826b1f966aed6683f462c40b5cea8ad5b1a22; xbl:2535442352688533; live:985155285470805; discord:1082017526298447962; fivem:9772179; license2:467826b1f966aed6683f462c40b5cea8ad5b1a22]
[23:22:35] [QdUnt#1] [OFF 2- 31] - Diego Johnson: disconnected (Exiting)
