
================================================================
======== txAdmin Starting - 18/05/2023, 00:48:21                
================================================================

================================================================
======== Log Rotated - 18/05/2023, 00:48:21                     
================================================================
[00:48:27] txAdmin: Logger started
[00:48:49] [KJFiT#1] [OFF 2- 31] - Diego Johnson: joined with identifiers [license:467826b1f966aed6683f462c40b5cea8ad5b1a22; xbl:2535442352688533; live:985155285470805; discord:1082017526298447962; fivem:9772179; license2:467826b1f966aed6683f462c40b5cea8ad5b1a22]
[00:49:49] [KJFiT#1] [OFF 2- 31] - Diego Johnson: disconnected (Exiting)

================================================================
======== txAdmin Starting - 18/05/2023, 00:51:06                
================================================================
[00:51:13] txAdmin: Logger started
[00:51:20] [eUFeb#1] [OFF 2- 31] - Diego Johnson: joined with identifiers [license:467826b1f966aed6683f462c40b5cea8ad5b1a22; xbl:2535442352688533; live:985155285470805; discord:1082017526298447962; fivem:9772179; license2:467826b1f966aed6683f462c40b5cea8ad5b1a22]
[00:52:34] [eUFeb#1] [OFF 2- 31] - Diego Johnson: disconnected (Exiting)
[00:54:36] txAdmin: Logger started
[00:54:41] [GCYNd#1] [OFF 2- 31] - Diego Johnson: joined with identifiers [license:467826b1f966aed6683f462c40b5cea8ad5b1a22; xbl:2535442352688533; live:985155285470805; discord:1082017526298447962; fivem:9772179; license2:467826b1f966aed6683f462c40b5cea8ad5b1a22]
[01:00:22] [GCYNd#1] [OFF 2- 31] - Diego Johnson: disconnected (Exiting)

================================================================
======== txAdmin Starting - 18/05/2023, 01:25:56                
================================================================
[01:26:10] txAdmin: Logger started
[01:26:31] [m76ea#1] [OFF 2- 31] - Diego Johnson: joined with identifiers [license:467826b1f966aed6683f462c40b5cea8ad5b1a22; xbl:2535442352688533; live:985155285470805; discord:1082017526298447962; fivem:9772179; license2:467826b1f966aed6683f462c40b5cea8ad5b1a22]
